<?xml version="1.0" encoding="UTF-8"?>
<coverage generated="1732547774744" clover="3.2.0">
  <project timestamp="1732547774744" name="All files">
    <metrics statements="492" coveredstatements="357" conditionals="200" coveredconditionals="127" methods="188" coveredmethods="110" elements="880" coveredelements="594" complexity="0" loc="492" ncloc="492" packages="13" files="25" classes="25"/>
    <package name="app">
      <metrics statements="1" coveredstatements="1" conditionals="0" coveredconditionals="0" methods="0" coveredmethods="0"/>
      <file name="color.tsx" path="/Users/robinvincent/Desktop/S9/iwa-project3/app/color.tsx">
        <metrics statements="1" coveredstatements="1" conditionals="0" coveredconditionals="0" methods="0" coveredmethods="0"/>
        <line num="1" count="3" type="stmt"/>
      </file>
    </package>
    <package name="app.components.reservation">
      <metrics statements="5" coveredstatements="4" conditionals="0" coveredconditionals="0" methods="2" coveredmethods="1"/>
      <file name="emplacement_reservation_cell.tsx" path="/Users/robinvincent/Desktop/S9/iwa-project3/app/components/reservation/emplacement_reservation_cell.tsx">
        <metrics statements="5" coveredstatements="4" conditionals="0" coveredconditionals="0" methods="2" coveredmethods="1"/>
        <line num="5" count="24" type="stmt"/>
        <line num="7" count="24" type="stmt"/>
        <line num="8" count="0" type="stmt"/>
        <line num="11" count="24" type="stmt"/>
        <line num="29" count="1" type="stmt"/>
      </file>
    </package>
    <package name="app.models">
      <metrics statements="0" coveredstatements="0" conditionals="0" coveredconditionals="0" methods="0" coveredmethods="0"/>
      <file name="message.model.tsx" path="/Users/robinvincent/Desktop/S9/iwa-project3/app/models/message.model.tsx">
        <metrics statements="0" coveredstatements="0" conditionals="0" coveredconditionals="0" methods="0" coveredmethods="0"/>
      </file>
    </package>
    <package name="app.store">
      <metrics statements="49" coveredstatements="6" conditionals="2" coveredconditionals="0" methods="26" coveredmethods="0"/>
      <file name="addEmplacementSlice.tsx" path="/Users/robinvincent/Desktop/S9/iwa-project3/app/store/addEmplacementSlice.tsx">
        <metrics statements="14" coveredstatements="3" conditionals="0" coveredconditionals="0" methods="11" coveredmethods="0"/>
        <line num="4" count="1" type="stmt"/>
        <line num="17" count="1" type="stmt"/>
        <line num="22" count="0" type="stmt"/>
        <line num="25" count="0" type="stmt"/>
        <line num="28" count="0" type="stmt"/>
        <line num="31" count="0" type="stmt"/>
        <line num="34" count="0" type="stmt"/>
        <line num="37" count="0" type="stmt"/>
        <line num="40" count="0" type="stmt"/>
        <line num="43" count="0" type="stmt"/>
        <line num="46" count="0" type="stmt"/>
        <line num="49" count="0" type="stmt"/>
        <line num="52" count="0" type="stmt"/>
        <line num="69" count="1" type="stmt"/>
      </file>
      <file name="emplacementSlice.tsx" path="/Users/robinvincent/Desktop/S9/iwa-project3/app/store/emplacementSlice.tsx">
        <metrics statements="35" coveredstatements="3" conditionals="2" coveredconditionals="0" methods="15" coveredmethods="0"/>
        <line num="13" count="1" type="stmt"/>
        <line num="22" count="1" type="stmt"/>
        <line num="27" count="0" type="stmt"/>
        <line num="28" count="0" type="stmt"/>
        <line num="31" count="0" type="stmt"/>
        <line num="32" count="0" type="stmt"/>
        <line num="35" count="0" type="stmt"/>
        <line num="36" count="0" type="stmt"/>
        <line num="39" count="0" type="stmt"/>
        <line num="40" count="0" type="stmt"/>
        <line num="43" count="0" type="stmt"/>
        <line num="44" count="0" type="stmt"/>
        <line num="47" count="0" type="stmt"/>
        <line num="48" count="0" type="stmt"/>
        <line num="51" count="0" type="stmt"/>
        <line num="52" count="0" type="stmt"/>
        <line num="55" count="0" type="stmt"/>
        <line num="56" count="0" type="cond" truecount="0" falsecount="2"/>
        <line num="57" count="0" type="stmt"/>
        <line num="59" count="0" type="stmt"/>
        <line num="62" count="0" type="stmt"/>
        <line num="63" count="0" type="stmt"/>
        <line num="66" count="0" type="stmt"/>
        <line num="67" count="0" type="stmt"/>
        <line num="70" count="0" type="stmt"/>
        <line num="71" count="0" type="stmt"/>
        <line num="74" count="0" type="stmt"/>
        <line num="75" count="0" type="stmt"/>
        <line num="78" count="0" type="stmt"/>
        <line num="79" count="0" type="stmt"/>
        <line num="80" count="0" type="stmt"/>
        <line num="81" count="0" type="stmt"/>
        <line num="82" count="0" type="stmt"/>
        <line num="83" count="0" type="stmt"/>
        <line num="102" count="1" type="stmt"/>
      </file>
    </package>
    <package name="app.utils">
      <metrics statements="8" coveredstatements="8" conditionals="5" coveredconditionals="2" methods="3" coveredmethods="3"/>
      <file name="renderRating.tsx" path="/Users/robinvincent/Desktop/S9/iwa-project3/app/utils/renderRating.tsx">
        <metrics statements="8" coveredstatements="8" conditionals="5" coveredconditionals="2" methods="3" coveredmethods="3"/>
        <line num="14" count="3" type="cond" truecount="0" falsecount="1"/>
        <line num="15" count="39" type="stmt"/>
        <line num="16" count="39" type="stmt"/>
        <line num="17" count="39" type="cond" truecount="1" falsecount="1"/>
        <line num="18" count="39" type="stmt"/>
        <line num="20" count="39" type="stmt"/>
        <line num="23" count="157" type="stmt"/>
        <line num="27" count="38" type="stmt"/>
      </file>
    </package>
    <package name="app.views.emplacement_details">
      <metrics statements="29" coveredstatements="26" conditionals="12" coveredconditionals="10" methods="14" coveredmethods="11"/>
      <file name="emplacement_details_all_ratings.tsx" path="/Users/robinvincent/Desktop/S9/iwa-project3/app/views/emplacement_details/emplacement_details_all_ratings.tsx">
        <metrics statements="29" coveredstatements="26" conditionals="12" coveredconditionals="10" methods="14" coveredmethods="11"/>
        <line num="8" count="2" type="stmt"/>
        <line num="16" count="19" type="stmt"/>
        <line num="17" count="19" type="stmt"/>
        <line num="18" count="19" type="stmt"/>
        <line num="21" count="19" type="stmt"/>
        <line num="23" count="57" type="cond" truecount="2" falsecount="0"/>
        <line num="24" count="18" type="cond" truecount="1" falsecount="1"/>
        <line num="25" count="18" type="cond" truecount="1" falsecount="1"/>
        <line num="26" count="18" type="cond" truecount="2" falsecount="0"/>
        <line num="27" count="12" type="cond" truecount="2" falsecount="0"/>
        <line num="28" count="6" type="stmt"/>
        <line num="30" count="43" type="stmt"/>
        <line num="33" count="19" type="stmt"/>
        <line num="34" count="95" type="stmt"/>
        <line num="35" count="95" type="stmt"/>
        <line num="36" count="475" type="stmt"/>
        <line num="46" count="95" type="stmt"/>
        <line num="49" count="19" type="stmt"/>
        <line num="50" count="22" type="stmt"/>
        <line num="53" count="19" type="stmt"/>
        <line num="74" count="0" type="stmt"/>
        <line num="77" count="0" type="stmt"/>
        <line num="80" count="0" type="stmt"/>
        <line num="83" count="2" type="stmt"/>
        <line num="86" count="2" type="stmt"/>
        <line num="90" count="95" type="stmt"/>
        <line num="101" count="56" type="stmt"/>
        <line num="103" count="39" type="stmt"/>
        <line num="127" count="2" type="stmt"/>
      </file>
    </package>
    <package name="app.views.home">
      <metrics statements="44" coveredstatements="44" conditionals="10" coveredconditionals="9" methods="21" coveredmethods="20"/>
      <file name="all_article_view.tsx" path="/Users/robinvincent/Desktop/S9/iwa-project3/app/views/home/all_article_view.tsx">
        <metrics statements="9" coveredstatements="9" conditionals="0" coveredconditionals="0" methods="7" coveredmethods="6"/>
        <line num="8" count="4" type="stmt"/>
        <line num="10" count="4" type="stmt"/>
        <line num="11" count="8" type="stmt"/>
        <line num="20" count="4" type="stmt"/>
        <line num="21" count="1" type="stmt"/>
        <line num="24" count="4" type="stmt"/>
        <line num="27" count="1" type="stmt"/>
        <line num="35" count="12" type="stmt"/>
        <line num="41" count="1" type="stmt"/>
      </file>
      <file name="all_favorite_view.tsx" path="/Users/robinvincent/Desktop/S9/iwa-project3/app/views/home/all_favorite_view.tsx">
        <metrics statements="23" coveredstatements="23" conditionals="10" coveredconditionals="9" methods="8" coveredmethods="8"/>
        <line num="8" count="8" type="stmt"/>
        <line num="9" count="8" type="stmt"/>
        <line num="10" count="8" type="stmt"/>
        <line num="12" count="8" type="stmt"/>
        <line num="13" count="5" type="cond" truecount="4" falsecount="0"/>
        <line num="14" count="3" type="stmt"/>
        <line num="15" count="6" type="stmt"/>
        <line num="16" count="3" type="stmt"/>
        <line num="20" count="8" type="stmt"/>
        <line num="21" count="1" type="stmt"/>
        <line num="22" count="1" type="cond" truecount="1" falsecount="1"/>
        <line num="23" count="1" type="stmt"/>
        <line num="27" count="8" type="stmt"/>
        <line num="28" count="6" type="stmt"/>
        <line num="30" count="1" type="stmt"/>
        <line num="47" count="8" type="cond" truecount="2" falsecount="0"/>
        <line num="48" count="1" type="stmt"/>
        <line num="51" count="7" type="cond" truecount="2" falsecount="0"/>
        <line num="52" count="1" type="stmt"/>
        <line num="55" count="6" type="stmt"/>
        <line num="58" count="1" type="stmt"/>
        <line num="66" count="9" type="stmt"/>
        <line num="73" count="1" type="stmt"/>
      </file>
      <file name="article_details_view.tsx" path="/Users/robinvincent/Desktop/S9/iwa-project3/app/views/home/article_details_view.tsx">
        <metrics statements="5" coveredstatements="5" conditionals="0" coveredconditionals="0" methods="2" coveredmethods="2"/>
        <line num="7" count="2" type="stmt"/>
        <line num="8" count="2" type="stmt"/>
        <line num="10" count="2" type="stmt"/>
        <line num="12" count="1" type="stmt"/>
        <line num="23" count="1" type="stmt"/>
      </file>
      <file name="home_view.tsx" path="/Users/robinvincent/Desktop/S9/iwa-project3/app/views/home/home_view.tsx">
        <metrics statements="7" coveredstatements="7" conditionals="0" coveredconditionals="0" methods="4" coveredmethods="4"/>
        <line num="10" count="1" type="stmt"/>
        <line num="18" count="7" type="stmt"/>
        <line num="20" count="7" type="stmt"/>
        <line num="21" count="28" type="stmt"/>
        <line num="26" count="7" type="stmt"/>
        <line num="30" count="35" type="stmt"/>
        <line num="37" count="1" type="stmt"/>
      </file>
    </package>
    <package name="app.views.login_register">
      <metrics statements="28" coveredstatements="28" conditionals="13" coveredconditionals="13" methods="7" coveredmethods="7"/>
      <file name="login_view.tsx" path="/Users/robinvincent/Desktop/S9/iwa-project3/app/views/login_register/login_view.tsx">
        <metrics statements="12" coveredstatements="12" conditionals="4" coveredconditionals="4" methods="4" coveredmethods="4"/>
        <line num="6" count="7" type="stmt"/>
        <line num="7" count="7" type="stmt"/>
        <line num="9" count="7" type="stmt"/>
        <line num="10" count="2" type="cond" truecount="4" falsecount="0"/>
        <line num="11" count="1" type="stmt"/>
        <line num="13" count="1" type="stmt"/>
        <line num="17" count="7" type="stmt"/>
        <line num="18" count="1" type="stmt"/>
        <line num="21" count="7" type="stmt"/>
        <line num="22" count="1" type="stmt"/>
        <line num="25" count="7" type="stmt"/>
        <line num="65" count="1" type="stmt"/>
      </file>
      <file name="register_view.tsx" path="/Users/robinvincent/Desktop/S9/iwa-project3/app/views/login_register/register_view.tsx">
        <metrics statements="16" coveredstatements="16" conditionals="9" coveredconditionals="9" methods="3" coveredmethods="3"/>
        <line num="6" count="6" type="stmt"/>
        <line num="7" count="6" type="stmt"/>
        <line num="8" count="6" type="stmt"/>
        <line num="9" count="6" type="stmt"/>
        <line num="10" count="6" type="stmt"/>
        <line num="12" count="6" type="stmt"/>
        <line num="13" count="3" type="cond" truecount="7" falsecount="0"/>
        <line num="14" count="1" type="stmt"/>
        <line num="15" count="2" type="cond" truecount="2" falsecount="0"/>
        <line num="16" count="1" type="stmt"/>
        <line num="18" count="1" type="stmt"/>
        <line num="19" count="1" type="stmt"/>
        <line num="23" count="6" type="stmt"/>
        <line num="24" count="1" type="stmt"/>
        <line num="27" count="6" type="stmt"/>
        <line num="89" count="1" type="stmt"/>
      </file>
    </package>
    <package name="app.views.map">
      <metrics statements="108" coveredstatements="57" conditionals="32" coveredconditionals="8" methods="33" coveredmethods="12"/>
      <file name="map_view.tsx" path="/Users/robinvincent/Desktop/S9/iwa-project3/app/views/map/map_view.tsx">
        <metrics statements="107" coveredstatements="56" conditionals="32" coveredconditionals="8" methods="33" coveredmethods="12"/>
        <line num="21" count="1" type="stmt"/>
        <line num="25" count="8" type="stmt"/>
        <line num="26" count="8" type="stmt"/>
        <line num="27" count="8" type="stmt"/>
        <line num="28" count="8" type="stmt"/>
        <line num="29" count="8" type="stmt"/>
        <line num="30" count="8" type="stmt"/>
        <line num="31" count="8" type="stmt"/>
        <line num="32" count="8" type="stmt"/>
        <line num="33" count="8" type="stmt"/>
        <line num="34" count="8" type="stmt"/>
        <line num="35" count="8" type="stmt"/>
        <line num="36" count="8" type="stmt"/>
        <line num="37" count="8" type="stmt"/>
        <line num="38" count="8" type="stmt"/>
        <line num="40" count="8" type="stmt"/>
        <line num="47" count="8" type="stmt"/>
        <line num="52" count="8" type="stmt"/>
        <line num="53" count="4" type="stmt"/>
        <line num="54" count="4" type="stmt"/>
        <line num="55" count="4" type="stmt"/>
        <line num="56" count="4" type="stmt"/>
        <line num="57" count="0" type="cond" truecount="0" falsecount="2"/>
        <line num="58" count="0" type="stmt"/>
        <line num="60" count="0" type="stmt"/>
        <line num="61" count="0" type="stmt"/>
        <line num="63" count="4" type="stmt"/>
        <line num="67" count="4" type="stmt"/>
        <line num="70" count="8" type="stmt"/>
        <line num="71" count="4" type="cond" truecount="1" falsecount="1"/>
        <line num="72" count="0" type="stmt"/>
        <line num="81" count="8" type="stmt"/>
        <line num="82" count="4" type="cond" truecount="1" falsecount="1"/>
        <line num="83" count="0" type="stmt"/>
        <line num="92" count="8" type="stmt"/>
        <line num="93" count="4" type="stmt"/>
        <line num="94" count="4" type="stmt"/>
        <line num="95" count="4" type="cond" truecount="2" falsecount="0"/>
        <line num="96" count="2" type="stmt"/>
        <line num="97" count="2" type="stmt"/>
        <line num="99" count="2" type="stmt"/>
        <line num="101" count="2" type="stmt"/>
        <line num="102" count="2" type="stmt"/>
        <line num="103" count="2" type="stmt"/>
        <line num="112" count="8" type="stmt"/>
        <line num="113" count="0" type="stmt"/>
        <line num="121" count="8" type="stmt"/>
        <line num="122" count="0" type="stmt"/>
        <line num="125" count="8" type="stmt"/>
        <line num="126" count="0" type="stmt"/>
        <line num="127" count="0" type="cond" truecount="0" falsecount="2"/>
        <line num="128" count="0" type="stmt"/>
        <line num="129" count="0" type="stmt"/>
        <line num="131" count="0" type="stmt"/>
        <line num="133" count="0" type="stmt"/>
        <line num="137" count="8" type="stmt"/>
        <line num="138" count="0" type="cond" truecount="0" falsecount="2"/>
        <line num="139" count="0" type="stmt"/>
        <line num="146" count="0" type="stmt"/>
        <line num="147" count="0" type="stmt"/>
        <line num="150" count="8" type="stmt"/>
        <line num="151" count="0" type="stmt"/>
        <line num="152" count="0" type="stmt"/>
        <line num="155" count="8" type="stmt"/>
        <line num="156" count="0" type="stmt"/>
        <line num="159" count="8" type="stmt"/>
        <line num="160" count="1" type="cond" truecount="1" falsecount="1"/>
        <line num="161" count="1" type="stmt"/>
        <line num="162" count="1" type="stmt"/>
        <line num="169" count="0" type="stmt"/>
        <line num="173" count="8" type="stmt"/>
        <line num="174" count="0" type="cond" truecount="0" falsecount="2"/>
        <line num="175" count="0" type="stmt"/>
        <line num="176" count="0" type="stmt"/>
        <line num="182" count="0" type="stmt"/>
        <line num="186" count="8" type="stmt"/>
        <line num="187" count="0" type="stmt"/>
        <line num="188" count="0" type="stmt"/>
        <line num="189" count="0" type="stmt"/>
        <line num="191" count="0" type="stmt"/>
        <line num="194" count="0" type="stmt"/>
        <line num="195" count="0" type="stmt"/>
        <line num="196" count="0" type="stmt"/>
        <line num="199" count="8" type="stmt"/>
        <line num="200" count="0" type="stmt"/>
        <line num="203" count="8" type="stmt"/>
        <line num="204" count="0" type="cond" truecount="0" falsecount="2"/>
        <line num="205" count="0" type="cond" truecount="0" falsecount="2"/>
        <line num="206" count="0" type="stmt"/>
        <line num="208" count="0" type="cond" truecount="0" falsecount="2"/>
        <line num="209" count="0" type="stmt"/>
        <line num="210" count="0" type="stmt"/>
        <line num="217" count="0" type="stmt"/>
        <line num="219" count="0" type="stmt"/>
        <line num="224" count="8" type="stmt"/>
        <line num="225" count="6" type="cond" truecount="1" falsecount="1"/>
        <line num="226" count="0" type="stmt"/>
        <line num="227" count="0" type="stmt"/>
        <line num="231" count="8" type="stmt"/>
        <line num="232" count="0" type="stmt"/>
        <line num="237" count="8" type="stmt"/>
        <line num="273" count="0" type="stmt"/>
        <line num="278" count="0" type="stmt"/>
        <line num="311" count="0" type="stmt"/>
        <line num="318" count="0" type="stmt"/>
        <line num="326" count="0" type="stmt"/>
        <line num="331" count="0" type="stmt"/>
      </file>
      <file name="map_view_style.tsx" path="/Users/robinvincent/Desktop/S9/iwa-project3/app/views/map/map_view_style.tsx">
        <metrics statements="1" coveredstatements="1" conditionals="0" coveredconditionals="0" methods="0" coveredmethods="0"/>
        <line num="3" count="1" type="stmt"/>
      </file>
    </package>
    <package name="app.views.messaging">
      <metrics statements="62" coveredstatements="53" conditionals="36" coveredconditionals="26" methods="19" coveredmethods="15"/>
      <file name="contact_detail.tsx" path="/Users/robinvincent/Desktop/S9/iwa-project3/app/views/messaging/contact_detail.tsx">
        <metrics statements="4" coveredstatements="4" conditionals="4" coveredconditionals="4" methods="2" coveredmethods="2"/>
        <line num="6" count="4" type="stmt"/>
        <line num="8" count="4" type="stmt"/>
        <line num="11" count="1" type="stmt"/>
        <line num="40" count="1" type="stmt"/>
      </file>
      <file name="messaging_detail.tsx" path="/Users/robinvincent/Desktop/S9/iwa-project3/app/views/messaging/messaging_detail.tsx">
        <metrics statements="27" coveredstatements="18" conditionals="14" coveredconditionals="4" methods="8" coveredmethods="4"/>
        <line num="22" count="6" type="stmt"/>
        <line num="27" count="6" type="stmt"/>
        <line num="28" count="6" type="stmt"/>
        <line num="29" count="6" type="stmt"/>
        <line num="30" count="6" type="stmt"/>
        <line num="33" count="6" type="stmt"/>
        <line num="35" count="6" type="stmt"/>
        <line num="36" count="1" type="cond" truecount="3" falsecount="1"/>
        <line num="37" count="1" type="stmt"/>
        <line num="47" count="1" type="stmt"/>
        <line num="48" count="1" type="stmt"/>
        <line num="52" count="6" type="stmt"/>
        <line num="53" count="4" type="stmt"/>
        <line num="57" count="6" type="cond" truecount="1" falsecount="1"/>
        <line num="58" count="0" type="stmt"/>
        <line num="66" count="6" type="stmt"/>
        <line num="67" count="0" type="cond" truecount="0" falsecount="4"/>
        <line num="69" count="0" type="stmt"/>
        <line num="71" count="0" type="stmt"/>
        <line num="73" count="0" type="stmt"/>
        <line num="75" count="0" type="stmt"/>
        <line num="79" count="6" type="stmt"/>
        <line num="83" count="0" type="stmt"/>
        <line num="89" count="1" type="stmt"/>
        <line num="105" count="0" type="stmt"/>
        <line num="107" count="0" type="stmt"/>
        <line num="148" count="1" type="stmt"/>
      </file>
      <file name="messaging_view.tsx" path="/Users/robinvincent/Desktop/S9/iwa-project3/app/views/messaging/messaging_view.tsx">
        <metrics statements="31" coveredstatements="31" conditionals="18" coveredconditionals="18" methods="9" coveredmethods="9"/>
        <line num="17" count="14" type="stmt"/>
        <line num="18" count="14" type="stmt"/>
        <line num="19" count="14" type="stmt"/>
        <line num="20" count="14" type="stmt"/>
        <line num="22" count="14" type="stmt"/>
        <line num="23" count="6" type="stmt"/>
        <line num="26" count="14" type="stmt"/>
        <line num="27" count="6" type="stmt"/>
        <line num="28" count="6" type="stmt"/>
        <line num="29" count="8" type="stmt"/>
        <line num="30" count="8" type="stmt"/>
        <line num="31" count="8" type="cond" truecount="4" falsecount="0"/>
        <line num="32" count="4" type="stmt"/>
        <line num="35" count="8" type="cond" truecount="2" falsecount="0"/>
        <line num="36" count="4" type="stmt"/>
        <line num="39" count="6" type="stmt"/>
        <line num="42" count="14" type="stmt"/>
        <line num="43" count="20" type="stmt"/>
        <line num="49" count="14" type="cond" truecount="2" falsecount="0"/>
        <line num="50" count="2" type="stmt"/>
        <line num="53" count="12" type="cond" truecount="2" falsecount="0"/>
        <line num="54" count="2" type="stmt"/>
        <line num="57" count="10" type="stmt"/>
        <line num="58" count="17" type="stmt"/>
        <line num="59" count="17" type="cond" truecount="2" falsecount="0"/>
        <line num="60" count="17" type="stmt"/>
        <line num="65" count="17" type="stmt"/>
        <line num="68" count="1" type="stmt"/>
        <line num="104" count="10" type="stmt"/>
        <line num="118" count="22" type="stmt"/>
        <line num="130" count="1" type="stmt"/>
      </file>
    </package>
    <package name="app.views.profil">
      <metrics statements="85" coveredstatements="63" conditionals="74" coveredconditionals="46" methods="34" coveredmethods="19"/>
      <file name="Reservation_details.tsx" path="/Users/robinvincent/Desktop/S9/iwa-project3/app/views/profil/Reservation_details.tsx">
        <metrics statements="24" coveredstatements="19" conditionals="8" coveredconditionals="7" methods="10" coveredmethods="5"/>
        <line num="7" count="8" type="stmt"/>
        <line num="9" count="8" type="stmt"/>
        <line num="10" count="8" type="stmt"/>
        <line num="12" count="8" type="stmt"/>
        <line num="13" count="8" type="stmt"/>
        <line num="14" count="8" type="stmt"/>
        <line num="16" count="8" type="stmt"/>
        <line num="17" count="4" type="cond" truecount="2" falsecount="0"/>
        <line num="20" count="8" type="stmt"/>
        <line num="21" count="0" type="stmt"/>
        <line num="27" count="8" type="stmt"/>
        <line num="29" count="0" type="stmt"/>
        <line num="30" count="0" type="stmt"/>
        <line num="31" count="0" type="stmt"/>
        <line num="36" count="8" type="stmt"/>
        <line num="37" count="2" type="stmt"/>
        <line num="40" count="8" type="stmt"/>
        <line num="42" count="1" type="stmt"/>
        <line num="43" count="1" type="stmt"/>
        <line num="44" count="1" type="stmt"/>
        <line num="47" count="8" type="stmt"/>
        <line num="55" count="0" type="stmt"/>
        <line num="99" count="1" type="stmt"/>
        <line num="115" count="1" type="stmt"/>
      </file>
      <file name="add_emplacement_view.tsx" path="/Users/robinvincent/Desktop/S9/iwa-project3/app/views/profil/add_emplacement_view.tsx">
        <metrics statements="14" coveredstatements="13" conditionals="24" coveredconditionals="17" methods="4" coveredmethods="3"/>
        <line num="23" count="3" type="stmt"/>
        <line num="24" count="3" type="stmt"/>
        <line num="25" count="3" type="stmt"/>
        <line num="27" count="3" type="stmt"/>
        <line num="29" count="2" type="cond" truecount="6" falsecount="0"/>
        <line num="30" count="1" type="stmt"/>
        <line num="35" count="1" type="stmt"/>
        <line num="38" count="1" type="stmt"/>
        <line num="53" count="1" type="stmt"/>
        <line num="59" count="1" type="stmt"/>
        <line num="61" count="1" type="stmt"/>
        <line num="64" count="3" type="stmt"/>
        <line num="68" count="0" type="stmt"/>
        <line num="93" count="1" type="stmt"/>
      </file>
      <file name="profile_view.tsx" path="/Users/robinvincent/Desktop/S9/iwa-project3/app/views/profil/profile_view.tsx">
        <metrics statements="47" coveredstatements="31" conditionals="42" coveredconditionals="22" methods="20" coveredmethods="11"/>
        <line num="27" count="13" type="stmt"/>
        <line num="28" count="13" type="stmt"/>
        <line num="30" count="13" type="stmt"/>
        <line num="33" count="13" type="cond" truecount="1" falsecount="1"/>
        <line num="34" count="13" type="stmt"/>
        <line num="35" count="13" type="stmt"/>
        <line num="37" count="13" type="stmt"/>
        <line num="38" count="5" type="cond" truecount="1" falsecount="1"/>
        <line num="39" count="5" type="cond" truecount="1" falsecount="1"/>
        <line num="40" count="5" type="cond" truecount="1" falsecount="1"/>
        <line num="44" count="13" type="stmt"/>
        <line num="46" count="0" type="stmt"/>
        <line num="47" count="0" type="cond" truecount="0" falsecount="2"/>
        <line num="48" count="0" type="stmt"/>
        <line num="52" count="0" type="stmt"/>
        <line num="55" count="0" type="stmt"/>
        <line num="62" count="0" type="cond" truecount="0" falsecount="2"/>
        <line num="64" count="0" type="stmt"/>
        <line num="70" count="13" type="stmt"/>
        <line num="71" count="1" type="stmt"/>
        <line num="74" count="13" type="stmt"/>
        <line num="75" count="1" type="stmt"/>
        <line num="78" count="13" type="stmt"/>
        <line num="79" count="13" type="cond" truecount="1" falsecount="1"/>
        <line num="80" count="0" type="stmt"/>
        <line num="84" count="13" type="stmt"/>
        <line num="87" count="13" type="stmt"/>
        <line num="95" count="13" type="stmt"/>
        <line num="96" count="1" type="stmt"/>
        <line num="99" count="13" type="stmt"/>
        <line num="100" count="0" type="stmt"/>
        <line num="103" count="13" type="stmt"/>
        <line num="104" count="0" type="stmt"/>
        <line num="107" count="13" type="stmt"/>
        <line num="108" count="1" type="stmt"/>
        <line num="113" count="13" type="stmt"/>
        <line num="141" count="2" type="stmt"/>
        <line num="166" count="1" type="stmt"/>
        <line num="172" count="0" type="stmt"/>
        <line num="178" count="0" type="stmt"/>
        <line num="185" count="0" type="stmt"/>
        <line num="192" count="0" type="stmt"/>
        <line num="246" count="3" type="stmt"/>
        <line num="248" count="0" type="stmt"/>
        <line num="291" count="3" type="stmt"/>
        <line num="293" count="0" type="stmt"/>
        <line num="319" count="1" type="stmt"/>
      </file>
    </package>
    <package name="app.views.profil.profil_emplacement_details">
      <metrics statements="59" coveredstatements="54" conditionals="14" coveredconditionals="11" methods="23" coveredmethods="17"/>
      <file name="all_emplacement_reservations_view.tsx" path="/Users/robinvincent/Desktop/S9/iwa-project3/app/views/profil/profil_emplacement_details/all_emplacement_reservations_view.tsx">
        <metrics statements="13" coveredstatements="13" conditionals="2" coveredconditionals="2" methods="6" coveredmethods="6"/>
        <line num="8" count="5" type="stmt"/>
        <line num="9" count="5" type="stmt"/>
        <line num="11" count="5" type="stmt"/>
        <line num="17" count="5" type="stmt"/>
        <line num="18" count="10" type="stmt"/>
        <line num="19" count="10" type="stmt"/>
        <line num="20" count="10" type="cond" truecount="2" falsecount="0"/>
        <line num="23" count="5" type="stmt"/>
        <line num="27" count="1" type="stmt"/>
        <line num="43" count="1" type="stmt"/>
        <line num="51" count="1" type="stmt"/>
        <line num="60" count="15" type="stmt"/>
        <line num="70" count="1" type="stmt"/>
      </file>
      <file name="emplacement_reservation_details_view.tsx" path="/Users/robinvincent/Desktop/S9/iwa-project3/app/views/profil/profil_emplacement_details/emplacement_reservation_details_view.tsx">
        <metrics statements="14" coveredstatements="13" conditionals="2" coveredconditionals="1" methods="4" coveredmethods="4"/>
        <line num="25" count="7" type="stmt"/>
        <line num="26" count="7" type="stmt"/>
        <line num="27" count="7" type="stmt"/>
        <line num="29" count="7" type="stmt"/>
        <line num="30" count="7" type="stmt"/>
        <line num="31" count="7" type="stmt"/>
        <line num="33" count="7" type="stmt"/>
        <line num="34" count="1" type="cond" truecount="1" falsecount="1"/>
        <line num="35" count="1" type="stmt"/>
        <line num="41" count="0" type="stmt"/>
        <line num="49" count="7" type="stmt"/>
        <line num="52" count="1" type="stmt"/>
        <line num="82" count="2" type="stmt"/>
        <line num="99" count="1" type="stmt"/>
      </file>
      <file name="profil_emplacement_details_view.tsx" path="/Users/robinvincent/Desktop/S9/iwa-project3/app/views/profil/profil_emplacement_details/profil_emplacement_details_view.tsx">
        <metrics statements="32" coveredstatements="28" conditionals="10" coveredconditionals="8" methods="13" coveredmethods="7"/>
        <line num="13" count="8" type="stmt"/>
        <line num="14" count="8" type="stmt"/>
        <line num="16" count="8" type="stmt"/>
        <line num="17" count="8" type="stmt"/>
        <line num="18" count="8" type="stmt"/>
        <line num="21" count="8" type="stmt"/>
        <line num="22" count="8" type="stmt"/>
        <line num="23" count="8" type="stmt"/>
        <line num="24" count="8" type="stmt"/>
        <line num="25" count="8" type="stmt"/>
        <line num="28" count="8" type="stmt"/>
        <line num="49" count="8" type="stmt"/>
        <line num="70" count="8" type="stmt"/>
        <line num="71" count="0" type="stmt"/>
        <line num="86" count="8" type="stmt"/>
        <line num="87" count="1" type="stmt"/>
        <line num="91" count="8" type="stmt"/>
        <line num="92" count="24" type="stmt"/>
        <line num="93" count="24" type="stmt"/>
        <line num="94" count="120" type="cond" truecount="2" falsecount="0"/>
        <line num="95" count="96" type="stmt"/>
        <line num="97" count="24" type="stmt"/>
        <line num="102" count="24" type="stmt"/>
        <line num="105" count="8" type="stmt"/>
        <line num="110" count="1" type="stmt"/>
        <line num="126" count="0" type="stmt"/>
        <line num="156" count="0" type="stmt"/>
        <line num="162" count="0" type="stmt"/>
        <line num="192" count="1" type="stmt"/>
        <line num="227" count="24" type="stmt"/>
        <line num="238" count="24" type="stmt"/>
        <line num="245" count="1" type="stmt"/>
      </file>
    </package>
    <package name="app.views.profil.settings">
      <metrics statements="14" coveredstatements="13" conditionals="2" coveredconditionals="2" methods="6" coveredmethods="5"/>
      <file name="translation_view.tsx" path="/Users/robinvincent/Desktop/S9/iwa-project3/app/views/profil/settings/translation_view.tsx">
        <metrics statements="14" coveredstatements="13" conditionals="2" coveredconditionals="2" methods="6" coveredmethods="5"/>
        <line num="14" count="4" type="stmt"/>
        <line num="15" count="4" type="stmt"/>
        <line num="16" count="4" type="stmt"/>
        <line num="18" count="4" type="stmt"/>
        <line num="19" count="3" type="stmt"/>
        <line num="22" count="4" type="stmt"/>
        <line num="27" count="4" type="stmt"/>
        <line num="28" count="1" type="stmt"/>
        <line num="29" count="1" type="stmt"/>
        <line num="32" count="4" type="stmt"/>
        <line num="35" count="0" type="stmt"/>
        <line num="41" count="8" type="stmt"/>
        <line num="44" count="1" type="stmt"/>
        <line num="56" count="1" type="stmt"/>
      </file>
    </package>
  </project>
</coverage>
