{"/Users/robinvincent/Desktop/S9/iwa-project3/app/models/message.model.tsx": {"path":"/Users/robinvincent/Desktop/S9/iwa-project3/app/models/message.model.tsx","statementMap":{},"fnMap":{},"branchMap":{},"s":{},"f":{},"b":{},"_coverageSchema":"1a1c01bbd47fc00a2c39e90264f33305004495a9","hash":"3021ac2a2b080c263f8ec1102ff2e0deeea48b92"}
,"/Users/robinvincent/Desktop/S9/iwa-project3/app/store/emplacementSlice.tsx": {"path":"/Users/robinvincent/Desktop/S9/iwa-project3/app/store/emplacementSlice.tsx","statementMap":{"0":{"start":{"line":13,"column":39},"end":{"line":20,"column":1}},"1":{"start":{"line":22,"column":25},"end":{"line":86,"column":2}},"2":{"start":{"line":27,"column":6},"end":{"line":27,"column":27}},"3":{"start":{"line":28,"column":6},"end":{"line":28,"column":25}},"4":{"start":{"line":31,"column":6},"end":{"line":31,"column":42}},"5":{"start":{"line":32,"column":6},"end":{"line":32,"column":28}},"6":{"start":{"line":35,"column":6},"end":{"line":35,"column":28}},"7":{"start":{"line":36,"column":6},"end":{"line":36,"column":35}},"8":{"start":{"line":39,"column":6},"end":{"line":39,"column":26}},"9":{"start":{"line":40,"column":6},"end":{"line":40,"column":25}},"10":{"start":{"line":43,"column":6},"end":{"line":43,"column":46}},"11":{"start":{"line":44,"column":6},"end":{"line":44,"column":27}},"12":{"start":{"line":47,"column":6},"end":{"line":47,"column":27}},"13":{"start":{"line":48,"column":6},"end":{"line":48,"column":35}},"14":{"start":{"line":51,"column":6},"end":{"line":51,"column":28}},"15":{"start":{"line":52,"column":6},"end":{"line":52,"column":25}},"16":{"start":{"line":55,"column":20},"end":{"line":55,"column":113}},"17":{"start":{"line":55,"column":64},"end":{"line":55,"column":112}},"18":{"start":{"line":56,"column":6},"end":{"line":58,"column":7}},"19":{"start":{"line":57,"column":8},"end":{"line":57,"column":70}},"20":{"start":{"line":59,"column":6},"end":{"line":59,"column":29}},"21":{"start":{"line":62,"column":6},"end":{"line":62,"column":29}},"22":{"start":{"line":63,"column":6},"end":{"line":63,"column":35}},"23":{"start":{"line":66,"column":6},"end":{"line":66,"column":28}},"24":{"start":{"line":67,"column":6},"end":{"line":67,"column":25}},"25":{"start":{"line":70,"column":6},"end":{"line":70,"column":115}},"26":{"start":{"line":70,"column":68},"end":{"line":70,"column":113}},"27":{"start":{"line":71,"column":6},"end":{"line":71,"column":29}},"28":{"start":{"line":74,"column":6},"end":{"line":74,"column":29}},"29":{"start":{"line":75,"column":6},"end":{"line":75,"column":35}},"30":{"start":{"line":78,"column":6},"end":{"line":78,"column":30}},"31":{"start":{"line":79,"column":6},"end":{"line":79,"column":28}},"32":{"start":{"line":80,"column":6},"end":{"line":80,"column":25}},"33":{"start":{"line":81,"column":6},"end":{"line":81,"column":27}},"34":{"start":{"line":82,"column":6},"end":{"line":82,"column":29}},"35":{"start":{"line":83,"column":6},"end":{"line":83,"column":29}},"36":{"start":{"line":102,"column":4},"end":{"line":102,"column":28}}},"fnMap":{"0":{"name":"(anonymous_0)","decl":{"start":{"line":26,"column":4},"end":{"line":26,"column":5}},"loc":{"start":{"line":26,"column":34},"end":{"line":29,"column":5}},"line":26},"1":{"name":"(anonymous_1)","decl":{"start":{"line":30,"column":4},"end":{"line":30,"column":5}},"loc":{"start":{"line":30,"column":74},"end":{"line":33,"column":5}},"line":30},"2":{"name":"(anonymous_2)","decl":{"start":{"line":34,"column":4},"end":{"line":34,"column":5}},"loc":{"start":{"line":34,"column":67},"end":{"line":37,"column":5}},"line":34},"3":{"name":"(anonymous_3)","decl":{"start":{"line":38,"column":4},"end":{"line":38,"column":5}},"loc":{"start":{"line":38,"column":31},"end":{"line":41,"column":5}},"line":38},"4":{"name":"(anonymous_4)","decl":{"start":{"line":42,"column":4},"end":{"line":42,"column":5}},"loc":{"start":{"line":42,"column":69},"end":{"line":45,"column":5}},"line":42},"5":{"name":"(anonymous_5)","decl":{"start":{"line":46,"column":4},"end":{"line":46,"column":5}},"loc":{"start":{"line":46,"column":64},"end":{"line":49,"column":5}},"line":46},"6":{"name":"(anonymous_6)","decl":{"start":{"line":50,"column":4},"end":{"line":50,"column":5}},"loc":{"start":{"line":50,"column":34},"end":{"line":53,"column":5}},"line":50},"7":{"name":"(anonymous_7)","decl":{"start":{"line":54,"column":4},"end":{"line":54,"column":5}},"loc":{"start":{"line":54,"column":108},"end":{"line":60,"column":5}},"line":54},"8":{"name":"(anonymous_8)","decl":{"start":{"line":55,"column":49},"end":{"line":55,"column":50}},"loc":{"start":{"line":55,"column":64},"end":{"line":55,"column":112}},"line":55},"9":{"name":"(anonymous_9)","decl":{"start":{"line":61,"column":4},"end":{"line":61,"column":5}},"loc":{"start":{"line":61,"column":67},"end":{"line":64,"column":5}},"line":61},"10":{"name":"(anonymous_10)","decl":{"start":{"line":65,"column":4},"end":{"line":65,"column":5}},"loc":{"start":{"line":65,"column":34},"end":{"line":68,"column":5}},"line":65},"11":{"name":"(anonymous_11)","decl":{"start":{"line":69,"column":4},"end":{"line":69,"column":5}},"loc":{"start":{"line":69,"column":67},"end":{"line":72,"column":5}},"line":69},"12":{"name":"(anonymous_12)","decl":{"start":{"line":70,"column":53},"end":{"line":70,"column":54}},"loc":{"start":{"line":70,"column":68},"end":{"line":70,"column":113}},"line":70},"13":{"name":"(anonymous_13)","decl":{"start":{"line":73,"column":4},"end":{"line":73,"column":5}},"loc":{"start":{"line":73,"column":67},"end":{"line":76,"column":5}},"line":73},"14":{"name":"(anonymous_14)","decl":{"start":{"line":77,"column":4},"end":{"line":77,"column":5}},"loc":{"start":{"line":77,"column":28},"end":{"line":84,"column":5}},"line":77}},"branchMap":{"0":{"loc":{"start":{"line":56,"column":6},"end":{"line":58,"column":7}},"type":"if","locations":[{"start":{"line":56,"column":6},"end":{"line":58,"column":7}},{"start":{},"end":{}}],"line":56}},"s":{"0":1,"1":1,"2":0,"3":0,"4":0,"5":0,"6":0,"7":0,"8":0,"9":0,"10":0,"11":0,"12":0,"13":0,"14":0,"15":0,"16":0,"17":0,"18":0,"19":0,"20":0,"21":0,"22":0,"23":0,"24":0,"25":0,"26":0,"27":0,"28":0,"29":0,"30":0,"31":0,"32":0,"33":0,"34":0,"35":0,"36":1},"f":{"0":0,"1":0,"2":0,"3":0,"4":0,"5":0,"6":0,"7":0,"8":0,"9":0,"10":0,"11":0,"12":0,"13":0,"14":0},"b":{"0":[0,0]},"_coverageSchema":"1a1c01bbd47fc00a2c39e90264f33305004495a9","hash":"92f1ce76d00a3d7a431dfc12e55d44a22dc1f693"}
,"/Users/robinvincent/Desktop/S9/iwa-project3/app/utils/renderRating.tsx": {"path":"/Users/robinvincent/Desktop/S9/iwa-project3/app/utils/renderRating.tsx","statementMap":{"0":{"start":{"line":14,"column":28},"end":{"line":31,"column":1}},"1":{"start":{"line":15,"column":26},"end":{"line":15,"column":52}},"2":{"start":{"line":16,"column":22},"end":{"line":16,"column":47}},"3":{"start":{"line":17,"column":21},"end":{"line":17,"column":61}},"4":{"start":{"line":18,"column":23},"end":{"line":18,"column":47}},"5":{"start":{"line":20,"column":4},"end":{"line":30,"column":6}},"6":{"start":{"line":23,"column":16},"end":{"line":23,"column":88}},"7":{"start":{"line":27,"column":16},"end":{"line":27,"column":97}}},"fnMap":{"0":{"name":"(anonymous_0)","decl":{"start":{"line":14,"column":28},"end":{"line":14,"column":29}},"loc":{"start":{"line":14,"column":77},"end":{"line":31,"column":1}},"line":14},"1":{"name":"(anonymous_1)","decl":{"start":{"line":22,"column":39},"end":{"line":22,"column":40}},"loc":{"start":{"line":23,"column":16},"end":{"line":23,"column":88}},"line":23},"2":{"name":"(anonymous_2)","decl":{"start":{"line":26,"column":40},"end":{"line":26,"column":41}},"loc":{"start":{"line":27,"column":16},"end":{"line":27,"column":97}},"line":27}},"branchMap":{"0":{"loc":{"start":{"line":14,"column":45},"end":{"line":14,"column":72}},"type":"default-arg","locations":[{"start":{"line":14,"column":68},"end":{"line":14,"column":72}}],"line":14},"1":{"loc":{"start":{"line":17,"column":21},"end":{"line":17,"column":61}},"type":"cond-expr","locations":[{"start":{"line":17,"column":56},"end":{"line":17,"column":57}},{"start":{"line":17,"column":60},"end":{"line":17,"column":61}}],"line":17},"2":{"loc":{"start":{"line":25,"column":13},"end":{"line":25,"column":86}},"type":"binary-expr","locations":[{"start":{"line":25,"column":13},"end":{"line":25,"column":27}},{"start":{"line":25,"column":31},"end":{"line":25,"column":86}}],"line":25}},"s":{"0":3,"1":39,"2":39,"3":39,"4":39,"5":39,"6":157,"7":38},"f":{"0":39,"1":157,"2":38},"b":{"0":[0],"1":[0,39],"2":[39,0]},"_coverageSchema":"1a1c01bbd47fc00a2c39e90264f33305004495a9","hash":"53e34b0004b318810a68534858e41ae18da25b12"}
,"/Users/robinvincent/Desktop/S9/iwa-project3/app/views/emplacement_details/emplacement_details_all_ratings.tsx": {"path":"/Users/robinvincent/Desktop/S9/iwa-project3/app/views/emplacement_details/emplacement_details_all_ratings.tsx","statementMap":{"0":{"start":{"line":8,"column":16},"end":{"line":13,"column":1}},"1":{"start":{"line":16,"column":32},"end":{"line":16,"column":44}},"2":{"start":{"line":17,"column":32},"end":{"line":17,"column":47}},"3":{"start":{"line":18,"column":23},"end":{"line":18,"column":38}},"4":{"start":{"line":21,"column":28},"end":{"line":30,"column":86}},"5":{"start":{"line":23,"column":12},"end":{"line":23,"column":46}},"6":{"start":{"line":23,"column":34},"end":{"line":23,"column":46}},"7":{"start":{"line":24,"column":12},"end":{"line":24,"column":49}},"8":{"start":{"line":24,"column":37},"end":{"line":24,"column":49}},"9":{"start":{"line":25,"column":12},"end":{"line":25,"column":49}},"10":{"start":{"line":25,"column":37},"end":{"line":25,"column":49}},"11":{"start":{"line":26,"column":12},"end":{"line":26,"column":62}},"12":{"start":{"line":26,"column":35},"end":{"line":26,"column":62}},"13":{"start":{"line":27,"column":12},"end":{"line":27,"column":63}},"14":{"start":{"line":27,"column":36},"end":{"line":27,"column":63}},"15":{"start":{"line":28,"column":12},"end":{"line":28,"column":54}},"16":{"start":{"line":30,"column":26},"end":{"line":30,"column":85}},"17":{"start":{"line":33,"column":24},"end":{"line":47,"column":5}},"18":{"start":{"line":34,"column":22},"end":{"line":34,"column":24}},"19":{"start":{"line":35,"column":8},"end":{"line":45,"column":9}},"20":{"start":{"line":35,"column":21},"end":{"line":35,"column":22}},"21":{"start":{"line":36,"column":12},"end":{"line":44,"column":14}},"22":{"start":{"line":46,"column":8},"end":{"line":46,"column":21}},"23":{"start":{"line":49,"column":22},"end":{"line":51,"column":5}},"24":{"start":{"line":50,"column":8},"end":{"line":50,"column":41}},"25":{"start":{"line":53,"column":4},"end":{"line":124,"column":6}},"26":{"start":{"line":74,"column":49},"end":{"line":74,"column":65}},"27":{"start":{"line":77,"column":49},"end":{"line":77,"column":68}},"28":{"start":{"line":80,"column":49},"end":{"line":80,"column":68}},"29":{"start":{"line":83,"column":49},"end":{"line":83,"column":66}},"30":{"start":{"line":86,"column":49},"end":{"line":86,"column":67}},"31":{"start":{"line":90,"column":20},"end":{"line":94,"column":39}},"32":{"start":{"line":90,"column":65},"end":{"line":90,"column":92}},"33":{"start":{"line":101,"column":38},"end":{"line":101,"column":45}},"34":{"start":{"line":103,"column":20},"end":{"line":119,"column":27}},"35":{"start":{"line":127,"column":15},"end":{"line":235,"column":2}}},"fnMap":{"0":{"name":"EmplacementDetailsAllRatings","decl":{"start":{"line":15,"column":24},"end":{"line":15,"column":52}},"loc":{"start":{"line":15,"column":55},"end":{"line":125,"column":1}},"line":15},"1":{"name":"(anonymous_1)","decl":{"start":{"line":22,"column":16},"end":{"line":22,"column":17}},"loc":{"start":{"line":22,"column":26},"end":{"line":29,"column":9}},"line":22},"2":{"name":"(anonymous_2)","decl":{"start":{"line":30,"column":16},"end":{"line":30,"column":17}},"loc":{"start":{"line":30,"column":26},"end":{"line":30,"column":85}},"line":30},"3":{"name":"(anonymous_3)","decl":{"start":{"line":33,"column":24},"end":{"line":33,"column":25}},"loc":{"start":{"line":33,"column":41},"end":{"line":47,"column":5}},"line":33},"4":{"name":"(anonymous_4)","decl":{"start":{"line":49,"column":22},"end":{"line":49,"column":23}},"loc":{"start":{"line":50,"column":8},"end":{"line":50,"column":41}},"line":50},"5":{"name":"(anonymous_5)","decl":{"start":{"line":74,"column":43},"end":{"line":74,"column":44}},"loc":{"start":{"line":74,"column":49},"end":{"line":74,"column":65}},"line":74},"6":{"name":"(anonymous_6)","decl":{"start":{"line":77,"column":43},"end":{"line":77,"column":44}},"loc":{"start":{"line":77,"column":49},"end":{"line":77,"column":68}},"line":77},"7":{"name":"(anonymous_7)","decl":{"start":{"line":80,"column":43},"end":{"line":80,"column":44}},"loc":{"start":{"line":80,"column":49},"end":{"line":80,"column":68}},"line":80},"8":{"name":"(anonymous_8)","decl":{"start":{"line":83,"column":43},"end":{"line":83,"column":44}},"loc":{"start":{"line":83,"column":49},"end":{"line":83,"column":66}},"line":83},"9":{"name":"(anonymous_9)","decl":{"start":{"line":86,"column":43},"end":{"line":86,"column":44}},"loc":{"start":{"line":86,"column":49},"end":{"line":86,"column":67}},"line":86},"10":{"name":"(anonymous_10)","decl":{"start":{"line":89,"column":37},"end":{"line":89,"column":38}},"loc":{"start":{"line":90,"column":20},"end":{"line":94,"column":39}},"line":90},"11":{"name":"(anonymous_11)","decl":{"start":{"line":90,"column":59},"end":{"line":90,"column":60}},"loc":{"start":{"line":90,"column":65},"end":{"line":90,"column":92}},"line":90},"12":{"name":"(anonymous_12)","decl":{"start":{"line":101,"column":30},"end":{"line":101,"column":31}},"loc":{"start":{"line":101,"column":38},"end":{"line":101,"column":45}},"line":101},"13":{"name":"(anonymous_13)","decl":{"start":{"line":102,"column":28},"end":{"line":102,"column":29}},"loc":{"start":{"line":103,"column":20},"end":{"line":119,"column":27}},"line":103}},"branchMap":{"0":{"loc":{"start":{"line":23,"column":12},"end":{"line":23,"column":46}},"type":"if","locations":[{"start":{"line":23,"column":12},"end":{"line":23,"column":46}},{"start":{},"end":{}}],"line":23},"1":{"loc":{"start":{"line":24,"column":12},"end":{"line":24,"column":49}},"type":"if","locations":[{"start":{"line":24,"column":12},"end":{"line":24,"column":49}},{"start":{},"end":{}}],"line":24},"2":{"loc":{"start":{"line":25,"column":12},"end":{"line":25,"column":49}},"type":"if","locations":[{"start":{"line":25,"column":12},"end":{"line":25,"column":49}},{"start":{},"end":{}}],"line":25},"3":{"loc":{"start":{"line":26,"column":12},"end":{"line":26,"column":62}},"type":"if","locations":[{"start":{"line":26,"column":12},"end":{"line":26,"column":62}},{"start":{},"end":{}}],"line":26},"4":{"loc":{"start":{"line":27,"column":12},"end":{"line":27,"column":63}},"type":"if","locations":[{"start":{"line":27,"column":12},"end":{"line":27,"column":63}},{"start":{},"end":{}}],"line":27},"5":{"loc":{"start":{"line":39,"column":26},"end":{"line":39,"column":67}},"type":"cond-expr","locations":[{"start":{"line":39,"column":44},"end":{"line":39,"column":50}},{"start":{"line":39,"column":53},"end":{"line":39,"column":67}}],"line":39}},"s":{"0":2,"1":19,"2":19,"3":19,"4":19,"5":57,"6":39,"7":18,"8":0,"9":18,"10":0,"11":18,"12":6,"13":12,"14":6,"15":6,"16":43,"17":19,"18":95,"19":95,"20":95,"21":475,"22":95,"23":19,"24":22,"25":19,"26":0,"27":0,"28":0,"29":2,"30":2,"31":95,"32":2,"33":56,"34":39,"35":2},"f":{"0":19,"1":57,"2":43,"3":95,"4":22,"5":0,"6":0,"7":0,"8":2,"9":2,"10":95,"11":2,"12":56,"13":39},"b":{"0":[39,18],"1":[0,18],"2":[0,18],"3":[6,12],"4":[6,6],"5":[285,190]},"_coverageSchema":"1a1c01bbd47fc00a2c39e90264f33305004495a9","hash":"096b58e84050c2374327e3b2014184599dd4c0d1"}
,"/Users/robinvincent/Desktop/S9/iwa-project3/app/views/home/all_article_view.tsx": {"path":"/Users/robinvincent/Desktop/S9/iwa-project3/app/views/home/all_article_view.tsx","statementMap":{"0":{"start":{"line":8,"column":21},"end":{"line":8,"column":78}},"1":{"start":{"line":8,"column":55},"end":{"line":8,"column":77}},"2":{"start":{"line":10,"column":23},"end":{"line":18,"column":5}},"3":{"start":{"line":11,"column":8},"end":{"line":17,"column":27}},"4":{"start":{"line":11,"column":73},"end":{"line":11,"column":97}},"5":{"start":{"line":20,"column":31},"end":{"line":22,"column":5}},"6":{"start":{"line":21,"column":8},"end":{"line":21,"column":59}},"7":{"start":{"line":24,"column":4},"end":{"line":38,"column":6}},"8":{"start":{"line":27,"column":75},"end":{"line":27,"column":94}},"9":{"start":{"line":35,"column":38},"end":{"line":35,"column":53}},"10":{"start":{"line":41,"column":15},"end":{"line":84,"column":2}}},"fnMap":{"0":{"name":"ArticlesPage","decl":{"start":{"line":7,"column":24},"end":{"line":7,"column":36}},"loc":{"start":{"line":7,"column":53},"end":{"line":39,"column":1}},"line":7},"1":{"name":"(anonymous_1)","decl":{"start":{"line":8,"column":33},"end":{"line":8,"column":34}},"loc":{"start":{"line":8,"column":55},"end":{"line":8,"column":77}},"line":8},"2":{"name":"(anonymous_2)","decl":{"start":{"line":10,"column":23},"end":{"line":10,"column":24}},"loc":{"start":{"line":11,"column":8},"end":{"line":17,"column":27}},"line":11},"3":{"name":"(anonymous_3)","decl":{"start":{"line":11,"column":67},"end":{"line":11,"column":68}},"loc":{"start":{"line":11,"column":73},"end":{"line":11,"column":97}},"line":11},"4":{"name":"(anonymous_4)","decl":{"start":{"line":20,"column":31},"end":{"line":20,"column":32}},"loc":{"start":{"line":20,"column":44},"end":{"line":22,"column":5}},"line":20},"5":{"name":"(anonymous_5)","decl":{"start":{"line":27,"column":69},"end":{"line":27,"column":70}},"loc":{"start":{"line":27,"column":75},"end":{"line":27,"column":94}},"line":27},"6":{"name":"(anonymous_6)","decl":{"start":{"line":35,"column":30},"end":{"line":35,"column":31}},"loc":{"start":{"line":35,"column":38},"end":{"line":35,"column":53}},"line":35}},"branchMap":{},"s":{"0":4,"1":0,"2":4,"3":8,"4":1,"5":4,"6":1,"7":4,"8":1,"9":12,"10":1},"f":{"0":4,"1":0,"2":8,"3":1,"4":1,"5":1,"6":12},"b":{},"_coverageSchema":"1a1c01bbd47fc00a2c39e90264f33305004495a9","hash":"3049601c88865b2cfe88c7e45df22bd66f120b1a"}
,"/Users/robinvincent/Desktop/S9/iwa-project3/app/views/home/all_favorite_view.tsx": {"path":"/Users/robinvincent/Desktop/S9/iwa-project3/app/views/home/all_favorite_view.tsx","statementMap":{"0":{"start":{"line":8,"column":65},"end":{"line":8,"column":90}},"1":{"start":{"line":9,"column":46},"end":{"line":9,"column":58}},"2":{"start":{"line":10,"column":23},"end":{"line":10,"column":38}},"3":{"start":{"line":12,"column":4},"end":{"line":18,"column":39}},"4":{"start":{"line":13,"column":8},"end":{"line":17,"column":9}},"5":{"start":{"line":14,"column":33},"end":{"line":14,"column":43}},"6":{"start":{"line":15,"column":41},"end":{"line":15,"column":126}},"7":{"start":{"line":15,"column":76},"end":{"line":15,"column":125}},"8":{"start":{"line":16,"column":12},"end":{"line":16,"column":51}},"9":{"start":{"line":20,"column":28},"end":{"line":25,"column":5}},"10":{"start":{"line":21,"column":28},"end":{"line":21,"column":67}},"11":{"start":{"line":22,"column":8},"end":{"line":24,"column":9}},"12":{"start":{"line":23,"column":12},"end":{"line":23,"column":79}},"13":{"start":{"line":27,"column":23},"end":{"line":45,"column":5}},"14":{"start":{"line":28,"column":8},"end":{"line":44,"column":27}},"15":{"start":{"line":30,"column":27},"end":{"line":30,"column":48}},"16":{"start":{"line":47,"column":4},"end":{"line":49,"column":5}},"17":{"start":{"line":48,"column":8},"end":{"line":48,"column":42}},"18":{"start":{"line":51,"column":4},"end":{"line":53,"column":5}},"19":{"start":{"line":52,"column":8},"end":{"line":52,"column":44}},"20":{"start":{"line":55,"column":4},"end":{"line":70,"column":6}},"21":{"start":{"line":58,"column":49},"end":{"line":58,"column":68}},"22":{"start":{"line":66,"column":40},"end":{"line":66,"column":59}},"23":{"start":{"line":73,"column":15},"end":{"line":132,"column":2}}},"fnMap":{"0":{"name":"FavoritesPage","decl":{"start":{"line":7,"column":24},"end":{"line":7,"column":37}},"loc":{"start":{"line":7,"column":40},"end":{"line":71,"column":1}},"line":7},"1":{"name":"(anonymous_1)","decl":{"start":{"line":12,"column":14},"end":{"line":12,"column":15}},"loc":{"start":{"line":12,"column":20},"end":{"line":18,"column":5}},"line":12},"2":{"name":"(anonymous_2)","decl":{"start":{"line":15,"column":61},"end":{"line":15,"column":62}},"loc":{"start":{"line":15,"column":76},"end":{"line":15,"column":125}},"line":15},"3":{"name":"(anonymous_3)","decl":{"start":{"line":20,"column":28},"end":{"line":20,"column":29}},"loc":{"start":{"line":20,"column":38},"end":{"line":25,"column":5}},"line":20},"4":{"name":"(anonymous_4)","decl":{"start":{"line":27,"column":23},"end":{"line":27,"column":24}},"loc":{"start":{"line":28,"column":8},"end":{"line":44,"column":27}},"line":28},"5":{"name":"(anonymous_5)","decl":{"start":{"line":30,"column":21},"end":{"line":30,"column":22}},"loc":{"start":{"line":30,"column":27},"end":{"line":30,"column":48}},"line":30},"6":{"name":"(anonymous_6)","decl":{"start":{"line":58,"column":43},"end":{"line":58,"column":44}},"loc":{"start":{"line":58,"column":49},"end":{"line":58,"column":68}},"line":58},"7":{"name":"(anonymous_7)","decl":{"start":{"line":66,"column":30},"end":{"line":66,"column":31}},"loc":{"start":{"line":66,"column":40},"end":{"line":66,"column":59}},"line":66}},"branchMap":{"0":{"loc":{"start":{"line":13,"column":8},"end":{"line":17,"column":9}},"type":"if","locations":[{"start":{"line":13,"column":8},"end":{"line":17,"column":9}},{"start":{},"end":{}}],"line":13},"1":{"loc":{"start":{"line":13,"column":12},"end":{"line":13,"column":30}},"type":"binary-expr","locations":[{"start":{"line":13,"column":12},"end":{"line":13,"column":20}},{"start":{"line":13,"column":24},"end":{"line":13,"column":30}}],"line":13},"2":{"loc":{"start":{"line":22,"column":8},"end":{"line":24,"column":9}},"type":"if","locations":[{"start":{"line":22,"column":8},"end":{"line":24,"column":9}},{"start":{},"end":{}}],"line":22},"3":{"loc":{"start":{"line":47,"column":4},"end":{"line":49,"column":5}},"type":"if","locations":[{"start":{"line":47,"column":4},"end":{"line":49,"column":5}},{"start":{},"end":{}}],"line":47},"4":{"loc":{"start":{"line":51,"column":4},"end":{"line":53,"column":5}},"type":"if","locations":[{"start":{"line":51,"column":4},"end":{"line":53,"column":5}},{"start":{},"end":{}}],"line":51}},"s":{"0":8,"1":8,"2":8,"3":8,"4":5,"5":3,"6":3,"7":6,"8":3,"9":8,"10":1,"11":1,"12":1,"13":8,"14":6,"15":1,"16":8,"17":1,"18":7,"19":1,"20":6,"21":1,"22":9,"23":1},"f":{"0":8,"1":5,"2":6,"3":1,"4":6,"5":1,"6":1,"7":9},"b":{"0":[3,2],"1":[5,4],"2":[1,0],"3":[1,7],"4":[1,6]},"_coverageSchema":"1a1c01bbd47fc00a2c39e90264f33305004495a9","hash":"ad065badc046c67d40a1f0579715f8aa0cefd713"}
,"/Users/robinvincent/Desktop/S9/iwa-project3/app/views/home/article_details_view.tsx": {"path":"/Users/robinvincent/Desktop/S9/iwa-project3/app/views/home/article_details_view.tsx","statementMap":{"0":{"start":{"line":7,"column":22},"end":{"line":7,"column":34}},"1":{"start":{"line":8,"column":21},"end":{"line":8,"column":36}},"2":{"start":{"line":10,"column":2},"end":{"line":20,"column":4}},"3":{"start":{"line":12,"column":65},"end":{"line":12,"column":84}},"4":{"start":{"line":23,"column":15},"end":{"line":75,"column":2}}},"fnMap":{"0":{"name":"ArticleDetails","decl":{"start":{"line":6,"column":24},"end":{"line":6,"column":38}},"loc":{"start":{"line":6,"column":50},"end":{"line":21,"column":1}},"line":6},"1":{"name":"(anonymous_1)","decl":{"start":{"line":12,"column":59},"end":{"line":12,"column":60}},"loc":{"start":{"line":12,"column":65},"end":{"line":12,"column":84}},"line":12}},"branchMap":{},"s":{"0":2,"1":2,"2":2,"3":1,"4":1},"f":{"0":2,"1":1},"b":{},"_coverageSchema":"1a1c01bbd47fc00a2c39e90264f33305004495a9","hash":"d5da578a1c60eaf952f3d7fb5faf594b0fecf59a"}
,"/Users/robinvincent/Desktop/S9/iwa-project3/app/views/home/home_view.tsx": {"path":"/Users/robinvincent/Desktop/S9/iwa-project3/app/views/home/home_view.tsx","statementMap":{"0":{"start":{"line":10,"column":19},"end":{"line":15,"column":1}},"1":{"start":{"line":18,"column":22},"end":{"line":18,"column":66}},"2":{"start":{"line":18,"column":50},"end":{"line":18,"column":65}},"3":{"start":{"line":20,"column":23},"end":{"line":24,"column":5}},"4":{"start":{"line":21,"column":8},"end":{"line":23,"column":15}},"5":{"start":{"line":26,"column":4},"end":{"line":34,"column":8}},"6":{"start":{"line":30,"column":32},"end":{"line":30,"column":39}},"7":{"start":{"line":37,"column":15},"end":{"line":45,"column":2}}},"fnMap":{"0":{"name":"HomeView","decl":{"start":{"line":17,"column":24},"end":{"line":17,"column":32}},"loc":{"start":{"line":17,"column":35},"end":{"line":35,"column":1}},"line":17},"1":{"name":"(anonymous_1)","decl":{"start":{"line":18,"column":34},"end":{"line":18,"column":35}},"loc":{"start":{"line":18,"column":50},"end":{"line":18,"column":65}},"line":18},"2":{"name":"(anonymous_2)","decl":{"start":{"line":20,"column":23},"end":{"line":20,"column":24}},"loc":{"start":{"line":21,"column":8},"end":{"line":23,"column":15}},"line":21},"3":{"name":"(anonymous_3)","decl":{"start":{"line":30,"column":24},"end":{"line":30,"column":25}},"loc":{"start":{"line":30,"column":32},"end":{"line":30,"column":39}},"line":30}},"branchMap":{},"s":{"0":1,"1":7,"2":7,"3":7,"4":28,"5":7,"6":35,"7":1},"f":{"0":7,"1":7,"2":28,"3":35},"b":{},"_coverageSchema":"1a1c01bbd47fc00a2c39e90264f33305004495a9","hash":"9db66369f3c5da15dac797abeba16b0aab8c3cc9"}
,"/Users/robinvincent/Desktop/S9/iwa-project3/app/views/login_register/login_view.tsx": {"path":"/Users/robinvincent/Desktop/S9/iwa-project3/app/views/login_register/login_view.tsx","statementMap":{"0":{"start":{"line":6,"column":28},"end":{"line":6,"column":40}},"1":{"start":{"line":7,"column":34},"end":{"line":7,"column":46}},"2":{"start":{"line":9,"column":22},"end":{"line":15,"column":3}},"3":{"start":{"line":10,"column":4},"end":{"line":14,"column":5}},"4":{"start":{"line":11,"column":6},"end":{"line":11,"column":65}},"5":{"start":{"line":13,"column":6},"end":{"line":13,"column":61}},"6":{"start":{"line":17,"column":31},"end":{"line":19,"column":3}},"7":{"start":{"line":18,"column":4},"end":{"line":18,"column":90}},"8":{"start":{"line":21,"column":25},"end":{"line":23,"column":3}},"9":{"start":{"line":22,"column":4},"end":{"line":22,"column":36}},"10":{"start":{"line":25,"column":2},"end":{"line":62,"column":4}},"11":{"start":{"line":65,"column":15},"end":{"line":125,"column":2}}},"fnMap":{"0":{"name":"Login","decl":{"start":{"line":5,"column":24},"end":{"line":5,"column":29}},"loc":{"start":{"line":5,"column":46},"end":{"line":63,"column":1}},"line":5},"1":{"name":"(anonymous_1)","decl":{"start":{"line":9,"column":22},"end":{"line":9,"column":23}},"loc":{"start":{"line":9,"column":28},"end":{"line":15,"column":3}},"line":9},"2":{"name":"(anonymous_2)","decl":{"start":{"line":17,"column":31},"end":{"line":17,"column":32}},"loc":{"start":{"line":17,"column":37},"end":{"line":19,"column":3}},"line":17},"3":{"name":"(anonymous_3)","decl":{"start":{"line":21,"column":25},"end":{"line":21,"column":26}},"loc":{"start":{"line":21,"column":31},"end":{"line":23,"column":3}},"line":21}},"branchMap":{"0":{"loc":{"start":{"line":10,"column":4},"end":{"line":14,"column":5}},"type":"if","locations":[{"start":{"line":10,"column":4},"end":{"line":14,"column":5}},{"start":{"line":12,"column":11},"end":{"line":14,"column":5}}],"line":10},"1":{"loc":{"start":{"line":10,"column":8},"end":{"line":10,"column":39}},"type":"binary-expr","locations":[{"start":{"line":10,"column":8},"end":{"line":10,"column":20}},{"start":{"line":10,"column":24},"end":{"line":10,"column":39}}],"line":10}},"s":{"0":7,"1":7,"2":7,"3":2,"4":1,"5":1,"6":7,"7":1,"8":7,"9":1,"10":7,"11":1},"f":{"0":7,"1":2,"2":1,"3":1},"b":{"0":[1,1],"1":[2,1]},"_coverageSchema":"1a1c01bbd47fc00a2c39e90264f33305004495a9","hash":"a858426fa7b27bd163b1251c98e729550dc35d1c"}
,"/Users/robinvincent/Desktop/S9/iwa-project3/app/views/login_register/register_view.tsx": {"path":"/Users/robinvincent/Desktop/S9/iwa-project3/app/views/login_register/register_view.tsx","statementMap":{"0":{"start":{"line":6,"column":36},"end":{"line":6,"column":48}},"1":{"start":{"line":7,"column":34},"end":{"line":7,"column":46}},"2":{"start":{"line":8,"column":28},"end":{"line":8,"column":40}},"3":{"start":{"line":9,"column":34},"end":{"line":9,"column":46}},"4":{"start":{"line":10,"column":48},"end":{"line":10,"column":60}},"5":{"start":{"line":12,"column":25},"end":{"line":21,"column":3}},"6":{"start":{"line":13,"column":4},"end":{"line":20,"column":5}},"7":{"start":{"line":14,"column":6},"end":{"line":14,"column":65}},"8":{"start":{"line":15,"column":11},"end":{"line":20,"column":5}},"9":{"start":{"line":16,"column":6},"end":{"line":16,"column":71}},"10":{"start":{"line":18,"column":6},"end":{"line":18,"column":67}},"11":{"start":{"line":19,"column":6},"end":{"line":19,"column":35}},"12":{"start":{"line":23,"column":30},"end":{"line":25,"column":3}},"13":{"start":{"line":24,"column":4},"end":{"line":24,"column":33}},"14":{"start":{"line":27,"column":2},"end":{"line":86,"column":4}},"15":{"start":{"line":89,"column":15},"end":{"line":140,"column":2}}},"fnMap":{"0":{"name":"Register","decl":{"start":{"line":5,"column":24},"end":{"line":5,"column":32}},"loc":{"start":{"line":5,"column":49},"end":{"line":87,"column":1}},"line":5},"1":{"name":"(anonymous_1)","decl":{"start":{"line":12,"column":25},"end":{"line":12,"column":26}},"loc":{"start":{"line":12,"column":31},"end":{"line":21,"column":3}},"line":12},"2":{"name":"(anonymous_2)","decl":{"start":{"line":23,"column":30},"end":{"line":23,"column":31}},"loc":{"start":{"line":23,"column":36},"end":{"line":25,"column":3}},"line":23}},"branchMap":{"0":{"loc":{"start":{"line":13,"column":4},"end":{"line":20,"column":5}},"type":"if","locations":[{"start":{"line":13,"column":4},"end":{"line":20,"column":5}},{"start":{"line":15,"column":11},"end":{"line":20,"column":5}}],"line":13},"1":{"loc":{"start":{"line":13,"column":8},"end":{"line":13,"column":104}},"type":"binary-expr","locations":[{"start":{"line":13,"column":8},"end":{"line":13,"column":24}},{"start":{"line":13,"column":28},"end":{"line":13,"column":43}},{"start":{"line":13,"column":47},"end":{"line":13,"column":59}},{"start":{"line":13,"column":63},"end":{"line":13,"column":78}},{"start":{"line":13,"column":82},"end":{"line":13,"column":104}}],"line":13},"2":{"loc":{"start":{"line":15,"column":11},"end":{"line":20,"column":5}},"type":"if","locations":[{"start":{"line":15,"column":11},"end":{"line":20,"column":5}},{"start":{"line":17,"column":11},"end":{"line":20,"column":5}}],"line":15}},"s":{"0":6,"1":6,"2":6,"3":6,"4":6,"5":6,"6":3,"7":1,"8":2,"9":1,"10":1,"11":1,"12":6,"13":1,"14":6,"15":1},"f":{"0":6,"1":3,"2":1},"b":{"0":[1,2],"1":[3,2,2,2,2],"2":[1,1]},"_coverageSchema":"1a1c01bbd47fc00a2c39e90264f33305004495a9","hash":"19a5d133e7fe441a37fc14be001c1cee3c4ac16e"}
,"/Users/robinvincent/Desktop/S9/iwa-project3/app/views/map/map_view.tsx": {"path":"/Users/robinvincent/Desktop/S9/iwa-project3/app/views/map/map_view.tsx","statementMap":{"0":{"start":{"line":21,"column":15},"end":{"line":21,"column":50}},"1":{"start":{"line":25,"column":19},"end":{"line":25,"column":32}},"2":{"start":{"line":26,"column":30},"end":{"line":26,"column":42}},"3":{"start":{"line":27,"column":48},"end":{"line":27,"column":60}},"4":{"start":{"line":28,"column":50},"end":{"line":28,"column":65}},"5":{"start":{"line":29,"column":32},"end":{"line":29,"column":44}},"6":{"start":{"line":30,"column":44},"end":{"line":30,"column":58}},"7":{"start":{"line":31,"column":40},"end":{"line":31,"column":55}},"8":{"start":{"line":32,"column":48},"end":{"line":32,"column":60}},"9":{"start":{"line":33,"column":40},"end":{"line":33,"column":55}},"10":{"start":{"line":34,"column":23},"end":{"line":34,"column":38}},"11":{"start":{"line":35,"column":21},"end":{"line":35,"column":34}},"12":{"start":{"line":36,"column":25},"end":{"line":36,"column":90}},"13":{"start":{"line":36,"column":59},"end":{"line":36,"column":89}},"14":{"start":{"line":37,"column":20},"end":{"line":37,"column":80}},"15":{"start":{"line":37,"column":54},"end":{"line":37,"column":79}},"16":{"start":{"line":38,"column":18},"end":{"line":38,"column":76}},"17":{"start":{"line":38,"column":52},"end":{"line":38,"column":75}},"18":{"start":{"line":40,"column":27},"end":{"line":45,"column":5}},"19":{"start":{"line":47,"column":27},"end":{"line":50,"column":5}},"20":{"start":{"line":52,"column":4},"end":{"line":68,"column":19}},"21":{"start":{"line":53,"column":34},"end":{"line":65,"column":9}},"22":{"start":{"line":54,"column":12},"end":{"line":54,"column":47}},"23":{"start":{"line":55,"column":12},"end":{"line":64,"column":13}},"24":{"start":{"line":56,"column":33},"end":{"line":56,"column":110}},"25":{"start":{"line":57,"column":16},"end":{"line":59,"column":17}},"26":{"start":{"line":58,"column":20},"end":{"line":58,"column":67}},"27":{"start":{"line":60,"column":44},"end":{"line":60,"column":65}},"28":{"start":{"line":61,"column":16},"end":{"line":61,"column":57}},"29":{"start":{"line":63,"column":16},"end":{"line":63,"column":77}},"30":{"start":{"line":67,"column":8},"end":{"line":67,"column":28}},"31":{"start":{"line":70,"column":4},"end":{"line":79,"column":18}},"32":{"start":{"line":71,"column":8},"end":{"line":78,"column":9}},"33":{"start":{"line":72,"column":12},"end":{"line":77,"column":15}},"34":{"start":{"line":81,"column":4},"end":{"line":90,"column":16}},"35":{"start":{"line":82,"column":8},"end":{"line":89,"column":9}},"36":{"start":{"line":83,"column":12},"end":{"line":88,"column":15}},"37":{"start":{"line":92,"column":4},"end":{"line":110,"column":11}},"38":{"start":{"line":93,"column":8},"end":{"line":109,"column":13}},"39":{"start":{"line":94,"column":29},"end":{"line":94,"column":79}},"40":{"start":{"line":95,"column":12},"end":{"line":98,"column":13}},"41":{"start":{"line":96,"column":16},"end":{"line":96,"column":72}},"42":{"start":{"line":97,"column":16},"end":{"line":97,"column":23}},"43":{"start":{"line":99,"column":12},"end":{"line":99,"column":37}},"44":{"start":{"line":101,"column":27},"end":{"line":101,"column":69}},"45":{"start":{"line":102,"column":12},"end":{"line":102,"column":45}},"46":{"start":{"line":103,"column":12},"end":{"line":108,"column":21}},"47":{"start":{"line":112,"column":29},"end":{"line":119,"column":5}},"48":{"start":{"line":113,"column":8},"end":{"line":118,"column":11}},"49":{"start":{"line":121,"column":30},"end":{"line":123,"column":5}},"50":{"start":{"line":122,"column":8},"end":{"line":122,"column":62}},"51":{"start":{"line":125,"column":25},"end":{"line":135,"column":5}},"52":{"start":{"line":126,"column":8},"end":{"line":126,"column":23}},"53":{"start":{"line":127,"column":8},"end":{"line":134,"column":9}},"54":{"start":{"line":128,"column":29},"end":{"line":130,"column":13}},"55":{"start":{"line":129,"column":16},"end":{"line":129,"column":75}},"56":{"start":{"line":131,"column":12},"end":{"line":131,"column":40}},"57":{"start":{"line":133,"column":12},"end":{"line":133,"column":34}},"58":{"start":{"line":137,"column":29},"end":{"line":148,"column":5}},"59":{"start":{"line":138,"column":8},"end":{"line":145,"column":9}},"60":{"start":{"line":139,"column":12},"end":{"line":144,"column":21}},"61":{"start":{"line":146,"column":8},"end":{"line":146,"column":28}},"62":{"start":{"line":147,"column":8},"end":{"line":147,"column":30}},"63":{"start":{"line":150,"column":31},"end":{"line":153,"column":5}},"64":{"start":{"line":151,"column":8},"end":{"line":151,"column":30}},"65":{"start":{"line":152,"column":8},"end":{"line":152,"column":27}},"66":{"start":{"line":155,"column":24},"end":{"line":157,"column":5}},"67":{"start":{"line":156,"column":8},"end":{"line":156,"column":29}},"68":{"start":{"line":159,"column":31},"end":{"line":171,"column":5}},"69":{"start":{"line":160,"column":8},"end":{"line":170,"column":9}},"70":{"start":{"line":161,"column":27},"end":{"line":161,"column":69}},"71":{"start":{"line":162,"column":12},"end":{"line":167,"column":21}},"72":{"start":{"line":169,"column":12},"end":{"line":169,"column":59}},"73":{"start":{"line":173,"column":34},"end":{"line":184,"column":5}},"74":{"start":{"line":174,"column":8},"end":{"line":174,"column":47}},"75":{"start":{"line":174,"column":27},"end":{"line":174,"column":47}},"76":{"start":{"line":175,"column":8},"end":{"line":183,"column":11}},"77":{"start":{"line":176,"column":29},"end":{"line":181,"column":13}},"78":{"start":{"line":182,"column":12},"end":{"line":182,"column":38}},"79":{"start":{"line":186,"column":38},"end":{"line":197,"column":5}},"80":{"start":{"line":187,"column":18},"end":{"line":187,"column":22}},"81":{"start":{"line":188,"column":21},"end":{"line":188,"column":41}},"82":{"start":{"line":189,"column":21},"end":{"line":189,"column":41}},"83":{"start":{"line":191,"column":12},"end":{"line":193,"column":51}},"84":{"start":{"line":194,"column":18},"end":{"line":194,"column":64}},"85":{"start":{"line":195,"column":18},"end":{"line":195,"column":23}},"86":{"start":{"line":196,"column":8},"end":{"line":196,"column":17}},"87":{"start":{"line":199,"column":20},"end":{"line":201,"column":5}},"88":{"start":{"line":200,"column":8},"end":{"line":200,"column":37}},"89":{"start":{"line":203,"column":35},"end":{"line":222,"column":5}},"90":{"start":{"line":204,"column":8},"end":{"line":221,"column":9}},"91":{"start":{"line":205,"column":31},"end":{"line":205,"column":139}},"92":{"start":{"line":206,"column":12},"end":{"line":206,"column":38}},"93":{"start":{"line":208,"column":12},"end":{"line":220,"column":13}},"94":{"start":{"line":209,"column":40},"end":{"line":216,"column":18}},"95":{"start":{"line":210,"column":20},"end":{"line":215,"column":22}},"96":{"start":{"line":217,"column":16},"end":{"line":217,"column":51}},"97":{"start":{"line":219,"column":16},"end":{"line":219,"column":38}},"98":{"start":{"line":224,"column":4},"end":{"line":229,"column":43}},"99":{"start":{"line":225,"column":8},"end":{"line":228,"column":9}},"100":{"start":{"line":226,"column":36},"end":{"line":226,"column":59}},"101":{"start":{"line":227,"column":12},"end":{"line":227,"column":47}},"102":{"start":{"line":231,"column":24},"end":{"line":235,"column":5}},"103":{"start":{"line":232,"column":6},"end":{"line":234,"column":13}},"104":{"start":{"line":237,"column":4},"end":{"line":333,"column":6}},"105":{"start":{"line":273,"column":24},"end":{"line":303,"column":33}},"106":{"start":{"line":278,"column":52},"end":{"line":278,"column":82}},"107":{"start":{"line":311,"column":32},"end":{"line":316,"column":51}},"108":{"start":{"line":311,"column":65},"end":{"line":311,"column":87}},"109":{"start":{"line":318,"column":52},"end":{"line":318,"column":66}},"110":{"start":{"line":326,"column":92},"end":{"line":326,"column":118}},"111":{"start":{"line":331,"column":29},"end":{"line":331,"column":46}}},"fnMap":{"0":{"name":"LocationMapView","decl":{"start":{"line":23,"column":24},"end":{"line":23,"column":39}},"loc":{"start":{"line":23,"column":42},"end":{"line":334,"column":1}},"line":23},"1":{"name":"(anonymous_1)","decl":{"start":{"line":36,"column":37},"end":{"line":36,"column":38}},"loc":{"start":{"line":36,"column":59},"end":{"line":36,"column":89}},"line":36},"2":{"name":"(anonymous_2)","decl":{"start":{"line":37,"column":32},"end":{"line":37,"column":33}},"loc":{"start":{"line":37,"column":54},"end":{"line":37,"column":79}},"line":37},"3":{"name":"(anonymous_3)","decl":{"start":{"line":38,"column":30},"end":{"line":38,"column":31}},"loc":{"start":{"line":38,"column":52},"end":{"line":38,"column":75}},"line":38},"4":{"name":"(anonymous_4)","decl":{"start":{"line":52,"column":14},"end":{"line":52,"column":15}},"loc":{"start":{"line":52,"column":20},"end":{"line":68,"column":5}},"line":52},"5":{"name":"(anonymous_5)","decl":{"start":{"line":53,"column":34},"end":{"line":53,"column":35}},"loc":{"start":{"line":53,"column":46},"end":{"line":65,"column":9}},"line":53},"6":{"name":"(anonymous_6)","decl":{"start":{"line":70,"column":14},"end":{"line":70,"column":15}},"loc":{"start":{"line":70,"column":20},"end":{"line":79,"column":5}},"line":70},"7":{"name":"(anonymous_7)","decl":{"start":{"line":81,"column":14},"end":{"line":81,"column":15}},"loc":{"start":{"line":81,"column":20},"end":{"line":90,"column":5}},"line":81},"8":{"name":"(anonymous_8)","decl":{"start":{"line":92,"column":14},"end":{"line":92,"column":15}},"loc":{"start":{"line":92,"column":20},"end":{"line":110,"column":5}},"line":92},"9":{"name":"(anonymous_9)","decl":{"start":{"line":93,"column":9},"end":{"line":93,"column":10}},"loc":{"start":{"line":93,"column":21},"end":{"line":109,"column":9}},"line":93},"10":{"name":"(anonymous_10)","decl":{"start":{"line":112,"column":29},"end":{"line":112,"column":30}},"loc":{"start":{"line":112,"column":46},"end":{"line":119,"column":5}},"line":112},"11":{"name":"(anonymous_11)","decl":{"start":{"line":121,"column":30},"end":{"line":121,"column":31}},"loc":{"start":{"line":121,"column":47},"end":{"line":123,"column":5}},"line":121},"12":{"name":"(anonymous_12)","decl":{"start":{"line":125,"column":25},"end":{"line":125,"column":26}},"loc":{"start":{"line":125,"column":43},"end":{"line":135,"column":5}},"line":125},"13":{"name":"(anonymous_13)","decl":{"start":{"line":128,"column":50},"end":{"line":128,"column":51}},"loc":{"start":{"line":129,"column":16},"end":{"line":129,"column":75}},"line":129},"14":{"name":"(anonymous_14)","decl":{"start":{"line":137,"column":29},"end":{"line":137,"column":30}},"loc":{"start":{"line":137,"column":44},"end":{"line":148,"column":5}},"line":137},"15":{"name":"(anonymous_15)","decl":{"start":{"line":150,"column":31},"end":{"line":150,"column":32}},"loc":{"start":{"line":150,"column":37},"end":{"line":153,"column":5}},"line":150},"16":{"name":"(anonymous_16)","decl":{"start":{"line":155,"column":24},"end":{"line":155,"column":25}},"loc":{"start":{"line":155,"column":30},"end":{"line":157,"column":5}},"line":155},"17":{"name":"(anonymous_17)","decl":{"start":{"line":159,"column":31},"end":{"line":159,"column":32}},"loc":{"start":{"line":159,"column":43},"end":{"line":171,"column":5}},"line":159},"18":{"name":"(anonymous_18)","decl":{"start":{"line":173,"column":34},"end":{"line":173,"column":35}},"loc":{"start":{"line":173,"column":40},"end":{"line":184,"column":5}},"line":173},"19":{"name":"(anonymous_19)","decl":{"start":{"line":175,"column":35},"end":{"line":175,"column":36}},"loc":{"start":{"line":175,"column":45},"end":{"line":183,"column":9}},"line":175},"20":{"name":"(anonymous_20)","decl":{"start":{"line":186,"column":38},"end":{"line":186,"column":39}},"loc":{"start":{"line":186,"column":66},"end":{"line":197,"column":5}},"line":186},"21":{"name":"(anonymous_21)","decl":{"start":{"line":199,"column":20},"end":{"line":199,"column":21}},"loc":{"start":{"line":199,"column":29},"end":{"line":201,"column":5}},"line":199},"22":{"name":"(anonymous_22)","decl":{"start":{"line":203,"column":35},"end":{"line":203,"column":36}},"loc":{"start":{"line":203,"column":47},"end":{"line":222,"column":5}},"line":203},"23":{"name":"(anonymous_23)","decl":{"start":{"line":209,"column":60},"end":{"line":209,"column":61}},"loc":{"start":{"line":209,"column":70},"end":{"line":216,"column":17}},"line":209},"24":{"name":"(anonymous_24)","decl":{"start":{"line":224,"column":14},"end":{"line":224,"column":15}},"loc":{"start":{"line":224,"column":20},"end":{"line":229,"column":5}},"line":224},"25":{"name":"(anonymous_25)","decl":{"start":{"line":231,"column":24},"end":{"line":231,"column":25}},"loc":{"start":{"line":232,"column":6},"end":{"line":234,"column":13}},"line":232},"26":{"name":"(anonymous_26)","decl":{"start":{"line":272,"column":40},"end":{"line":272,"column":41}},"loc":{"start":{"line":273,"column":24},"end":{"line":303,"column":33}},"line":273},"27":{"name":"(anonymous_27)","decl":{"start":{"line":278,"column":46},"end":{"line":278,"column":47}},"loc":{"start":{"line":278,"column":52},"end":{"line":278,"column":82}},"line":278},"28":{"name":"(anonymous_28)","decl":{"start":{"line":310,"column":40},"end":{"line":310,"column":41}},"loc":{"start":{"line":311,"column":32},"end":{"line":316,"column":51}},"line":311},"29":{"name":"(anonymous_29)","decl":{"start":{"line":311,"column":59},"end":{"line":311,"column":60}},"loc":{"start":{"line":311,"column":65},"end":{"line":311,"column":87}},"line":311},"30":{"name":"(anonymous_30)","decl":{"start":{"line":318,"column":42},"end":{"line":318,"column":43}},"loc":{"start":{"line":318,"column":52},"end":{"line":318,"column":66}},"line":318},"31":{"name":"(anonymous_31)","decl":{"start":{"line":326,"column":86},"end":{"line":326,"column":87}},"loc":{"start":{"line":326,"column":92},"end":{"line":326,"column":118}},"line":326},"32":{"name":"(anonymous_32)","decl":{"start":{"line":331,"column":20},"end":{"line":331,"column":21}},"loc":{"start":{"line":331,"column":29},"end":{"line":331,"column":46}},"line":331}},"branchMap":{"0":{"loc":{"start":{"line":57,"column":16},"end":{"line":59,"column":17}},"type":"if","locations":[{"start":{"line":57,"column":16},"end":{"line":59,"column":17}},{"start":{},"end":{}}],"line":57},"1":{"loc":{"start":{"line":71,"column":8},"end":{"line":78,"column":9}},"type":"if","locations":[{"start":{"line":71,"column":8},"end":{"line":78,"column":9}},{"start":{},"end":{}}],"line":71},"2":{"loc":{"start":{"line":82,"column":8},"end":{"line":89,"column":9}},"type":"if","locations":[{"start":{"line":82,"column":8},"end":{"line":89,"column":9}},{"start":{},"end":{}}],"line":82},"3":{"loc":{"start":{"line":95,"column":12},"end":{"line":98,"column":13}},"type":"if","locations":[{"start":{"line":95,"column":12},"end":{"line":98,"column":13}},{"start":{},"end":{}}],"line":95},"4":{"loc":{"start":{"line":127,"column":8},"end":{"line":134,"column":9}},"type":"if","locations":[{"start":{"line":127,"column":8},"end":{"line":134,"column":9}},{"start":{"line":132,"column":15},"end":{"line":134,"column":9}}],"line":127},"5":{"loc":{"start":{"line":138,"column":8},"end":{"line":145,"column":9}},"type":"if","locations":[{"start":{"line":138,"column":8},"end":{"line":145,"column":9}},{"start":{},"end":{}}],"line":138},"6":{"loc":{"start":{"line":160,"column":8},"end":{"line":170,"column":9}},"type":"if","locations":[{"start":{"line":160,"column":8},"end":{"line":170,"column":9}},{"start":{"line":168,"column":15},"end":{"line":170,"column":9}}],"line":160},"7":{"loc":{"start":{"line":174,"column":8},"end":{"line":174,"column":47}},"type":"if","locations":[{"start":{"line":174,"column":8},"end":{"line":174,"column":47}},{"start":{},"end":{}}],"line":174},"8":{"loc":{"start":{"line":204,"column":8},"end":{"line":221,"column":9}},"type":"if","locations":[{"start":{"line":204,"column":8},"end":{"line":221,"column":9}},{"start":{},"end":{}}],"line":204},"9":{"loc":{"start":{"line":205,"column":31},"end":{"line":205,"column":139}},"type":"binary-expr","locations":[{"start":{"line":205,"column":31},"end":{"line":205,"column":82}},{"start":{"line":205,"column":86},"end":{"line":205,"column":139}}],"line":205},"10":{"loc":{"start":{"line":208,"column":12},"end":{"line":220,"column":13}},"type":"if","locations":[{"start":{"line":208,"column":12},"end":{"line":220,"column":13}},{"start":{"line":218,"column":19},"end":{"line":220,"column":13}}],"line":208},"11":{"loc":{"start":{"line":211,"column":24},"end":{"line":214,"column":100}},"type":"binary-expr","locations":[{"start":{"line":211,"column":24},"end":{"line":211,"column":97}},{"start":{"line":212,"column":24},"end":{"line":212,"column":97}},{"start":{"line":213,"column":24},"end":{"line":213,"column":100}},{"start":{"line":214,"column":24},"end":{"line":214,"column":100}}],"line":211},"12":{"loc":{"start":{"line":225,"column":8},"end":{"line":228,"column":9}},"type":"if","locations":[{"start":{"line":225,"column":8},"end":{"line":228,"column":9}},{"start":{},"end":{}}],"line":225},"13":{"loc":{"start":{"line":251,"column":17},"end":{"line":263,"column":17}},"type":"binary-expr","locations":[{"start":{"line":251,"column":17},"end":{"line":251,"column":27}},{"start":{"line":252,"column":20},"end":{"line":262,"column":27}}],"line":251},"14":{"loc":{"start":{"line":306,"column":17},"end":{"line":322,"column":17}},"type":"binary-expr","locations":[{"start":{"line":306,"column":17},"end":{"line":306,"column":42}},{"start":{"line":307,"column":20},"end":{"line":321,"column":27}}],"line":306}},"s":{"0":1,"1":8,"2":8,"3":8,"4":8,"5":8,"6":8,"7":8,"8":8,"9":8,"10":8,"11":8,"12":8,"13":8,"14":8,"15":8,"16":8,"17":8,"18":8,"19":8,"20":8,"21":4,"22":4,"23":4,"24":4,"25":0,"26":0,"27":0,"28":0,"29":4,"30":4,"31":8,"32":4,"33":0,"34":8,"35":4,"36":0,"37":8,"38":4,"39":4,"40":4,"41":2,"42":2,"43":2,"44":2,"45":2,"46":2,"47":8,"48":0,"49":8,"50":0,"51":8,"52":0,"53":0,"54":0,"55":0,"56":0,"57":0,"58":8,"59":0,"60":0,"61":0,"62":0,"63":8,"64":0,"65":0,"66":8,"67":0,"68":8,"69":1,"70":1,"71":1,"72":0,"73":8,"74":0,"75":0,"76":0,"77":0,"78":0,"79":8,"80":0,"81":0,"82":0,"83":0,"84":0,"85":0,"86":0,"87":8,"88":0,"89":8,"90":0,"91":0,"92":0,"93":0,"94":0,"95":0,"96":0,"97":0,"98":8,"99":6,"100":0,"101":0,"102":8,"103":0,"104":8,"105":0,"106":0,"107":0,"108":0,"109":0,"110":0,"111":0},"f":{"0":8,"1":8,"2":8,"3":8,"4":4,"5":4,"6":4,"7":4,"8":4,"9":4,"10":0,"11":0,"12":0,"13":0,"14":0,"15":0,"16":0,"17":1,"18":0,"19":0,"20":0,"21":0,"22":0,"23":0,"24":6,"25":0,"26":0,"27":0,"28":0,"29":0,"30":0,"31":0,"32":0},"b":{"0":[0,0],"1":[0,4],"2":[0,4],"3":[2,2],"4":[0,0],"5":[0,0],"6":[1,0],"7":[0,0],"8":[0,0],"9":[0,0],"10":[0,0],"11":[0,0,0,0],"12":[0,6],"13":[8,0],"14":[8,0]},"_coverageSchema":"1a1c01bbd47fc00a2c39e90264f33305004495a9","hash":"3a3d1e9a0e17879efbea7ef8f5e2c49d6b2becd7"}
,"/Users/robinvincent/Desktop/S9/iwa-project3/app/views/map/map_view_style.tsx": {"path":"/Users/robinvincent/Desktop/S9/iwa-project3/app/views/map/map_view_style.tsx","statementMap":{"0":{"start":{"line":3,"column":24},"end":{"line":162,"column":2}}},"fnMap":{},"branchMap":{},"s":{"0":1},"f":{},"b":{},"_coverageSchema":"1a1c01bbd47fc00a2c39e90264f33305004495a9","hash":"a571db336d437967b84006ec5bdcff51095515e9"}
,"/Users/robinvincent/Desktop/S9/iwa-project3/app/views/messaging/contact_detail.tsx": {"path":"/Users/robinvincent/Desktop/S9/iwa-project3/app/views/messaging/contact_detail.tsx","statementMap":{"0":{"start":{"line":6,"column":50},"end":{"line":6,"column":62}},"1":{"start":{"line":8,"column":2},"end":{"line":37,"column":4}},"2":{"start":{"line":11,"column":41},"end":{"line":11,"column":60}},"3":{"start":{"line":40,"column":15},"end":{"line":76,"column":2}}},"fnMap":{"0":{"name":"ContactDetail","decl":{"start":{"line":5,"column":24},"end":{"line":5,"column":37}},"loc":{"start":{"line":5,"column":66},"end":{"line":38,"column":1}},"line":5},"1":{"name":"(anonymous_1)","decl":{"start":{"line":11,"column":35},"end":{"line":11,"column":36}},"loc":{"start":{"line":11,"column":41},"end":{"line":11,"column":60}},"line":11}},"branchMap":{"0":{"loc":{"start":{"line":29,"column":36},"end":{"line":29,"column":50}},"type":"binary-expr","locations":[{"start":{"line":29,"column":36},"end":{"line":29,"column":41}},{"start":{"line":29,"column":45},"end":{"line":29,"column":50}}],"line":29},"1":{"loc":{"start":{"line":34,"column":36},"end":{"line":34,"column":56}},"type":"binary-expr","locations":[{"start":{"line":34,"column":36},"end":{"line":34,"column":47}},{"start":{"line":34,"column":51},"end":{"line":34,"column":56}}],"line":34}},"s":{"0":4,"1":4,"2":1,"3":1},"f":{"0":4,"1":1},"b":{"0":[4,1],"1":[4,1]},"_coverageSchema":"1a1c01bbd47fc00a2c39e90264f33305004495a9","hash":"4824413b90903b0f93e3a363b1870b2bc059dc5f"}
,"/Users/robinvincent/Desktop/S9/iwa-project3/app/views/messaging/messaging_detail.tsx": {"path":"/Users/robinvincent/Desktop/S9/iwa-project3/app/views/messaging/messaging_detail.tsx","statementMap":{"0":{"start":{"line":22,"column":29},"end":{"line":22,"column":41}},"1":{"start":{"line":27,"column":6},"end":{"line":27,"column":27}},"2":{"start":{"line":28,"column":21},"end":{"line":28,"column":36}},"3":{"start":{"line":29,"column":32},"end":{"line":29,"column":44}},"4":{"start":{"line":30,"column":19},"end":{"line":30,"column":32}},"5":{"start":{"line":33,"column":44},"end":{"line":33,"column":79}},"6":{"start":{"line":35,"column":28},"end":{"line":50,"column":3}},"7":{"start":{"line":36,"column":4},"end":{"line":49,"column":5}},"8":{"start":{"line":37,"column":34},"end":{"line":45,"column":7}},"9":{"start":{"line":47,"column":6},"end":{"line":47,"column":45}},"10":{"start":{"line":48,"column":6},"end":{"line":48,"column":21}},"11":{"start":{"line":52,"column":2},"end":{"line":54,"column":33}},"12":{"start":{"line":53,"column":4},"end":{"line":53,"column":49}},"13":{"start":{"line":57,"column":2},"end":{"line":64,"column":3}},"14":{"start":{"line":58,"column":4},"end":{"line":63,"column":6}},"15":{"start":{"line":66,"column":27},"end":{"line":77,"column":3}},"16":{"start":{"line":67,"column":4},"end":{"line":76,"column":5}},"17":{"start":{"line":69,"column":8},"end":{"line":69,"column":94}},"18":{"start":{"line":71,"column":8},"end":{"line":71,"column":94}},"19":{"start":{"line":73,"column":8},"end":{"line":73,"column":65}},"20":{"start":{"line":75,"column":8},"end":{"line":75,"column":20}},"21":{"start":{"line":79,"column":2},"end":{"line":145,"column":4}},"22":{"start":{"line":83,"column":43},"end":{"line":83,"column":62}},"23":{"start":{"line":89,"column":14},"end":{"line":92,"column":16}},"24":{"start":{"line":105,"column":32},"end":{"line":105,"column":47}},"25":{"start":{"line":107,"column":10},"end":{"line":129,"column":17}},"26":{"start":{"line":148,"column":15},"end":{"line":245,"column":2}}},"fnMap":{"0":{"name":"MessagesDetail","decl":{"start":{"line":21,"column":24},"end":{"line":21,"column":38}},"loc":{"start":{"line":21,"column":55},"end":{"line":146,"column":1}},"line":21},"1":{"name":"(anonymous_1)","decl":{"start":{"line":35,"column":28},"end":{"line":35,"column":29}},"loc":{"start":{"line":35,"column":34},"end":{"line":50,"column":3}},"line":35},"2":{"name":"(anonymous_2)","decl":{"start":{"line":52,"column":12},"end":{"line":52,"column":13}},"loc":{"start":{"line":52,"column":18},"end":{"line":54,"column":3}},"line":52},"3":{"name":"(anonymous_3)","decl":{"start":{"line":66,"column":27},"end":{"line":66,"column":28}},"loc":{"start":{"line":66,"column":53},"end":{"line":77,"column":3}},"line":66},"4":{"name":"(anonymous_4)","decl":{"start":{"line":83,"column":37},"end":{"line":83,"column":38}},"loc":{"start":{"line":83,"column":43},"end":{"line":83,"column":62}},"line":83},"5":{"name":"(anonymous_5)","decl":{"start":{"line":88,"column":21},"end":{"line":88,"column":22}},"loc":{"start":{"line":89,"column":14},"end":{"line":92,"column":16}},"line":89},"6":{"name":"(anonymous_6)","decl":{"start":{"line":105,"column":22},"end":{"line":105,"column":23}},"loc":{"start":{"line":105,"column":32},"end":{"line":105,"column":47}},"line":105},"7":{"name":"(anonymous_7)","decl":{"start":{"line":106,"column":20},"end":{"line":106,"column":21}},"loc":{"start":{"line":107,"column":10},"end":{"line":129,"column":17}},"line":107}},"branchMap":{"0":{"loc":{"start":{"line":36,"column":4},"end":{"line":49,"column":5}},"type":"if","locations":[{"start":{"line":36,"column":4},"end":{"line":49,"column":5}},{"start":{},"end":{}}],"line":36},"1":{"loc":{"start":{"line":36,"column":8},"end":{"line":36,"column":38}},"type":"binary-expr","locations":[{"start":{"line":36,"column":8},"end":{"line":36,"column":22}},{"start":{"line":36,"column":26},"end":{"line":36,"column":38}}],"line":36},"2":{"loc":{"start":{"line":57,"column":2},"end":{"line":64,"column":3}},"type":"if","locations":[{"start":{"line":57,"column":2},"end":{"line":64,"column":3}},{"start":{},"end":{}}],"line":57},"3":{"loc":{"start":{"line":67,"column":4},"end":{"line":76,"column":5}},"type":"switch","locations":[{"start":{"line":68,"column":6},"end":{"line":69,"column":94}},{"start":{"line":70,"column":6},"end":{"line":71,"column":94}},{"start":{"line":72,"column":6},"end":{"line":73,"column":65}},{"start":{"line":74,"column":6},"end":{"line":75,"column":20}}],"line":67},"4":{"loc":{"start":{"line":110,"column":14},"end":{"line":110,"column":77}},"type":"cond-expr","locations":[{"start":{"line":110,"column":34},"end":{"line":110,"column":52}},{"start":{"line":110,"column":55},"end":{"line":110,"column":77}}],"line":110},"5":{"loc":{"start":{"line":115,"column":15},"end":{"line":127,"column":15}},"type":"binary-expr","locations":[{"start":{"line":115,"column":15},"end":{"line":115,"column":32}},{"start":{"line":116,"column":16},"end":{"line":126,"column":23}}],"line":115}},"s":{"0":6,"1":6,"2":6,"3":6,"4":6,"5":6,"6":6,"7":1,"8":1,"9":1,"10":1,"11":6,"12":4,"13":6,"14":0,"15":6,"16":0,"17":0,"18":0,"19":0,"20":0,"21":6,"22":0,"23":1,"24":0,"25":0,"26":1},"f":{"0":6,"1":1,"2":4,"3":0,"4":0,"5":1,"6":0,"7":0},"b":{"0":[1,0],"1":[1,1],"2":[0,6],"3":[0,0,0,0],"4":[0,0],"5":[0,0]},"_coverageSchema":"1a1c01bbd47fc00a2c39e90264f33305004495a9","hash":"d7f217906069b6815e4f9b5ad629c32bcbcc014b"}
,"/Users/robinvincent/Desktop/S9/iwa-project3/app/views/messaging/messaging_view.tsx": {"path":"/Users/robinvincent/Desktop/S9/iwa-project3/app/views/messaging/messaging_view.tsx","statementMap":{"0":{"start":{"line":17,"column":44},"end":{"line":17,"column":66}},"1":{"start":{"line":18,"column":21},"end":{"line":18,"column":36}},"2":{"start":{"line":19,"column":38},"end":{"line":19,"column":50}},"3":{"start":{"line":20,"column":44},"end":{"line":20,"column":83}},"4":{"start":{"line":22,"column":2},"end":{"line":24,"column":22}},"5":{"start":{"line":23,"column":4},"end":{"line":23,"column":28}},"6":{"start":{"line":26,"column":32},"end":{"line":40,"column":3}},"7":{"start":{"line":27,"column":56},"end":{"line":27,"column":58}},"8":{"start":{"line":28,"column":4},"end":{"line":38,"column":7}},"9":{"start":{"line":29,"column":18},"end":{"line":29,"column":19}},"10":{"start":{"line":30,"column":6},"end":{"line":34,"column":9}},"11":{"start":{"line":31,"column":8},"end":{"line":33,"column":9}},"12":{"start":{"line":32,"column":10},"end":{"line":32,"column":18}},"13":{"start":{"line":35,"column":6},"end":{"line":37,"column":7}},"14":{"start":{"line":36,"column":8},"end":{"line":36,"column":50}},"15":{"start":{"line":39,"column":4},"end":{"line":39,"column":39}},"16":{"start":{"line":42,"column":32},"end":{"line":46,"column":3}},"17":{"start":{"line":43,"column":4},"end":{"line":45,"column":43}},"18":{"start":{"line":49,"column":2},"end":{"line":51,"column":3}},"19":{"start":{"line":50,"column":4},"end":{"line":50,"column":35}},"20":{"start":{"line":53,"column":2},"end":{"line":55,"column":3}},"21":{"start":{"line":54,"column":4},"end":{"line":54,"column":39}},"22":{"start":{"line":57,"column":29},"end":{"line":102,"column":3}},"23":{"start":{"line":58,"column":24},"end":{"line":58,"column":63}},"24":{"start":{"line":59,"column":30},"end":{"line":59,"column":57}},"25":{"start":{"line":60,"column":28},"end":{"line":63,"column":6}},"26":{"start":{"line":65,"column":4},"end":{"line":101,"column":6}},"27":{"start":{"line":68,"column":10},"end":{"line":68,"column":89}},"28":{"start":{"line":104,"column":2},"end":{"line":127,"column":4}},"29":{"start":{"line":118,"column":34},"end":{"line":118,"column":54}},"30":{"start":{"line":130,"column":15},"end":{"line":223,"column":2}}},"fnMap":{"0":{"name":"MessagesView","decl":{"start":{"line":16,"column":24},"end":{"line":16,"column":36}},"loc":{"start":{"line":16,"column":39},"end":{"line":128,"column":1}},"line":16},"1":{"name":"(anonymous_1)","decl":{"start":{"line":22,"column":12},"end":{"line":22,"column":13}},"loc":{"start":{"line":22,"column":18},"end":{"line":24,"column":3}},"line":22},"2":{"name":"(anonymous_2)","decl":{"start":{"line":26,"column":32},"end":{"line":26,"column":33}},"loc":{"start":{"line":26,"column":38},"end":{"line":40,"column":3}},"line":26},"3":{"name":"(anonymous_3)","decl":{"start":{"line":28,"column":26},"end":{"line":28,"column":27}},"loc":{"start":{"line":28,"column":49},"end":{"line":38,"column":5}},"line":28},"4":{"name":"(anonymous_4)","decl":{"start":{"line":30,"column":36},"end":{"line":30,"column":37}},"loc":{"start":{"line":30,"column":54},"end":{"line":34,"column":7}},"line":30},"5":{"name":"(anonymous_5)","decl":{"start":{"line":42,"column":53},"end":{"line":42,"column":54}},"loc":{"start":{"line":43,"column":4},"end":{"line":45,"column":43}},"line":43},"6":{"name":"(anonymous_6)","decl":{"start":{"line":57,"column":29},"end":{"line":57,"column":30}},"loc":{"start":{"line":57,"column":48},"end":{"line":102,"column":3}},"line":57},"7":{"name":"(anonymous_7)","decl":{"start":{"line":67,"column":17},"end":{"line":67,"column":18}},"loc":{"start":{"line":68,"column":10},"end":{"line":68,"column":89}},"line":68},"8":{"name":"(anonymous_8)","decl":{"start":{"line":118,"column":24},"end":{"line":118,"column":25}},"loc":{"start":{"line":118,"column":34},"end":{"line":118,"column":54}},"line":118}},"branchMap":{"0":{"loc":{"start":{"line":31,"column":8},"end":{"line":33,"column":9}},"type":"if","locations":[{"start":{"line":31,"column":8},"end":{"line":33,"column":9}},{"start":{},"end":{}}],"line":31},"1":{"loc":{"start":{"line":31,"column":12},"end":{"line":31,"column":63}},"type":"binary-expr","locations":[{"start":{"line":31,"column":12},"end":{"line":31,"column":33}},{"start":{"line":31,"column":37},"end":{"line":31,"column":63}}],"line":31},"2":{"loc":{"start":{"line":35,"column":6},"end":{"line":37,"column":7}},"type":"if","locations":[{"start":{"line":35,"column":6},"end":{"line":37,"column":7}},{"start":{},"end":{}}],"line":35},"3":{"loc":{"start":{"line":49,"column":2},"end":{"line":51,"column":3}},"type":"if","locations":[{"start":{"line":49,"column":2},"end":{"line":51,"column":3}},{"start":{},"end":{}}],"line":49},"4":{"loc":{"start":{"line":53,"column":2},"end":{"line":55,"column":3}},"type":"if","locations":[{"start":{"line":53,"column":2},"end":{"line":55,"column":3}},{"start":{},"end":{}}],"line":53},"5":{"loc":{"start":{"line":59,"column":30},"end":{"line":59,"column":57}},"type":"binary-expr","locations":[{"start":{"line":59,"column":30},"end":{"line":59,"column":52}},{"start":{"line":59,"column":56},"end":{"line":59,"column":57}}],"line":59},"6":{"loc":{"start":{"line":90,"column":50},"end":{"line":90,"column":106}},"type":"binary-expr","locations":[{"start":{"line":90,"column":50},"end":{"line":90,"column":71}},{"start":{"line":90,"column":75},"end":{"line":90,"column":106}}],"line":90},"7":{"loc":{"start":{"line":93,"column":13},"end":{"line":97,"column":13}},"type":"binary-expr","locations":[{"start":{"line":93,"column":13},"end":{"line":93,"column":34}},{"start":{"line":94,"column":14},"end":{"line":96,"column":21}}],"line":93},"8":{"loc":{"start":{"line":115,"column":7},"end":{"line":125,"column":7}},"type":"cond-expr","locations":[{"start":{"line":116,"column":8},"end":{"line":120,"column":10}},{"start":{"line":122,"column":8},"end":{"line":124,"column":15}}],"line":115}},"s":{"0":14,"1":14,"2":14,"3":14,"4":14,"5":6,"6":14,"7":6,"8":6,"9":8,"10":8,"11":8,"12":4,"13":8,"14":4,"15":6,"16":14,"17":20,"18":14,"19":2,"20":12,"21":2,"22":10,"23":17,"24":17,"25":17,"26":17,"27":1,"28":10,"29":22,"30":1},"f":{"0":14,"1":6,"2":6,"3":8,"4":8,"5":20,"6":17,"7":1,"8":22},"b":{"0":[4,4],"1":[8,4],"2":[4,4],"3":[2,12],"4":[2,10],"5":[17,8],"6":[17,9],"7":[17,9],"8":[9,1]},"_coverageSchema":"1a1c01bbd47fc00a2c39e90264f33305004495a9","hash":"577aac7f9ef4645ecdcc37939441a4bd04947b3a"}
}
