TN:
SF:models/message.model.tsx
FNF:0
FNH:0
LF:0
LH:0
BRF:0
BRH:0
end_of_record
TN:
SF:store/emplacementSlice.tsx
FN:26,(anonymous_0)
FN:30,(anonymous_1)
FN:34,(anonymous_2)
FN:38,(anonymous_3)
FN:42,(anonymous_4)
FN:46,(anonymous_5)
FN:50,(anonymous_6)
FN:54,(anonymous_7)
FN:55,(anonymous_8)
FN:61,(anonymous_9)
FN:65,(anonymous_10)
FN:69,(anonymous_11)
FN:70,(anonymous_12)
FN:73,(anonymous_13)
FN:77,(anonymous_14)
FNF:15
FNH:0
FNDA:0,(anonymous_0)
FNDA:0,(anonymous_1)
FNDA:0,(anonymous_2)
FNDA:0,(anonymous_3)
FNDA:0,(anonymous_4)
FNDA:0,(anonymous_5)
FNDA:0,(anonymous_6)
FNDA:0,(anonymous_7)
FNDA:0,(anonymous_8)
FNDA:0,(anonymous_9)
FNDA:0,(anonymous_10)
FNDA:0,(anonymous_11)
FNDA:0,(anonymous_12)
FNDA:0,(anonymous_13)
FNDA:0,(anonymous_14)
DA:13,1
DA:22,1
DA:27,0
DA:28,0
DA:31,0
DA:32,0
DA:35,0
DA:36,0
DA:39,0
DA:40,0
DA:43,0
DA:44,0
DA:47,0
DA:48,0
DA:51,0
DA:52,0
DA:55,0
DA:56,0
DA:57,0
DA:59,0
DA:62,0
DA:63,0
DA:66,0
DA:67,0
DA:70,0
DA:71,0
DA:74,0
DA:75,0
DA:78,0
DA:79,0
DA:80,0
DA:81,0
DA:82,0
DA:83,0
DA:102,1
LF:35
LH:3
BRDA:56,0,0,0
BRDA:56,0,1,0
BRF:2
BRH:0
end_of_record
TN:
SF:utils/renderRating.tsx
FN:14,(anonymous_0)
FN:22,(anonymous_1)
FN:26,(anonymous_2)
FNF:3
FNH:3
FNDA:39,(anonymous_0)
FNDA:157,(anonymous_1)
FNDA:38,(anonymous_2)
DA:14,3
DA:15,39
DA:16,39
DA:17,39
DA:18,39
DA:20,39
DA:23,157
DA:27,38
LF:8
LH:8
BRDA:14,0,0,0
BRDA:17,1,0,0
BRDA:17,1,1,39
BRDA:25,2,0,39
BRDA:25,2,1,0
BRF:5
BRH:2
end_of_record
TN:
SF:views/emplacement_details/emplacement_details_all_ratings.tsx
FN:15,EmplacementDetailsAllRatings
FN:22,(anonymous_1)
FN:30,(anonymous_2)
FN:33,(anonymous_3)
FN:49,(anonymous_4)
FN:74,(anonymous_5)
FN:77,(anonymous_6)
FN:80,(anonymous_7)
FN:83,(anonymous_8)
FN:86,(anonymous_9)
FN:89,(anonymous_10)
FN:90,(anonymous_11)
FN:101,(anonymous_12)
FN:102,(anonymous_13)
FNF:14
FNH:11
FNDA:19,EmplacementDetailsAllRatings
FNDA:57,(anonymous_1)
FNDA:43,(anonymous_2)
FNDA:95,(anonymous_3)
FNDA:22,(anonymous_4)
FNDA:0,(anonymous_5)
FNDA:0,(anonymous_6)
FNDA:0,(anonymous_7)
FNDA:2,(anonymous_8)
FNDA:2,(anonymous_9)
FNDA:95,(anonymous_10)
FNDA:2,(anonymous_11)
FNDA:56,(anonymous_12)
FNDA:39,(anonymous_13)
DA:8,2
DA:16,19
DA:17,19
DA:18,19
DA:21,19
DA:23,57
DA:24,18
DA:25,18
DA:26,18
DA:27,12
DA:28,6
DA:30,43
DA:33,19
DA:34,95
DA:35,95
DA:36,475
DA:46,95
DA:49,19
DA:50,22
DA:53,19
DA:74,0
DA:77,0
DA:80,0
DA:83,2
DA:86,2
DA:90,95
DA:101,56
DA:103,39
DA:127,2
LF:29
LH:26
BRDA:23,0,0,39
BRDA:23,0,1,18
BRDA:24,1,0,0
BRDA:24,1,1,18
BRDA:25,2,0,0
BRDA:25,2,1,18
BRDA:26,3,0,6
BRDA:26,3,1,12
BRDA:27,4,0,6
BRDA:27,4,1,6
BRDA:39,5,0,285
BRDA:39,5,1,190
BRF:12
BRH:10
end_of_record
TN:
SF:views/home/all_article_view.tsx
FN:7,ArticlesPage
FN:8,(anonymous_1)
FN:10,(anonymous_2)
FN:11,(anonymous_3)
FN:20,(anonymous_4)
FN:27,(anonymous_5)
FN:35,(anonymous_6)
FNF:7
FNH:6
FNDA:4,ArticlesPage
FNDA:0,(anonymous_1)
FNDA:8,(anonymous_2)
FNDA:1,(anonymous_3)
FNDA:1,(anonymous_4)
FNDA:1,(anonymous_5)
FNDA:12,(anonymous_6)
DA:8,4
DA:10,4
DA:11,8
DA:20,4
DA:21,1
DA:24,4
DA:27,1
DA:35,12
DA:41,1
LF:9
LH:9
BRF:0
BRH:0
end_of_record
TN:
SF:views/home/all_favorite_view.tsx
FN:7,FavoritesPage
FN:12,(anonymous_1)
FN:15,(anonymous_2)
FN:20,(anonymous_3)
FN:27,(anonymous_4)
FN:30,(anonymous_5)
FN:58,(anonymous_6)
FN:66,(anonymous_7)
FNF:8
FNH:8
FNDA:8,FavoritesPage
FNDA:5,(anonymous_1)
FNDA:6,(anonymous_2)
FNDA:1,(anonymous_3)
FNDA:6,(anonymous_4)
FNDA:1,(anonymous_5)
FNDA:1,(anonymous_6)
FNDA:9,(anonymous_7)
DA:8,8
DA:9,8
DA:10,8
DA:12,8
DA:13,5
DA:14,3
DA:15,6
DA:16,3
DA:20,8
DA:21,1
DA:22,1
DA:23,1
DA:27,8
DA:28,6
DA:30,1
DA:47,8
DA:48,1
DA:51,7
DA:52,1
DA:55,6
DA:58,1
DA:66,9
DA:73,1
LF:23
LH:23
BRDA:13,0,0,3
BRDA:13,0,1,2
BRDA:13,1,0,5
BRDA:13,1,1,4
BRDA:22,2,0,1
BRDA:22,2,1,0
BRDA:47,3,0,1
BRDA:47,3,1,7
BRDA:51,4,0,1
BRDA:51,4,1,6
BRF:10
BRH:9
end_of_record
TN:
SF:views/home/article_details_view.tsx
FN:6,ArticleDetails
FN:12,(anonymous_1)
FNF:2
FNH:2
FNDA:2,ArticleDetails
FNDA:1,(anonymous_1)
DA:7,2
DA:8,2
DA:10,2
DA:12,1
DA:23,1
LF:5
LH:5
BRF:0
BRH:0
end_of_record
TN:
SF:views/home/home_view.tsx
FN:17,HomeView
FN:18,(anonymous_1)
FN:20,(anonymous_2)
FN:30,(anonymous_3)
FNF:4
FNH:4
FNDA:7,HomeView
FNDA:7,(anonymous_1)
FNDA:28,(anonymous_2)
FNDA:35,(anonymous_3)
DA:10,1
DA:18,7
DA:20,7
DA:21,28
DA:26,7
DA:30,35
DA:37,1
LF:7
LH:7
BRF:0
BRH:0
end_of_record
TN:
SF:views/login_register/login_view.tsx
FN:5,Login
FN:9,(anonymous_1)
FN:17,(anonymous_2)
FN:21,(anonymous_3)
FNF:4
FNH:4
FNDA:7,Login
FNDA:2,(anonymous_1)
FNDA:1,(anonymous_2)
FNDA:1,(anonymous_3)
DA:6,7
DA:7,7
DA:9,7
DA:10,2
DA:11,1
DA:13,1
DA:17,7
DA:18,1
DA:21,7
DA:22,1
DA:25,7
DA:65,1
LF:12
LH:12
BRDA:10,0,0,1
BRDA:10,0,1,1
BRDA:10,1,0,2
BRDA:10,1,1,1
BRF:4
BRH:4
end_of_record
TN:
SF:views/login_register/register_view.tsx
FN:5,Register
FN:12,(anonymous_1)
FN:23,(anonymous_2)
FNF:3
FNH:3
FNDA:6,Register
FNDA:3,(anonymous_1)
FNDA:1,(anonymous_2)
DA:6,6
DA:7,6
DA:8,6
DA:9,6
DA:10,6
DA:12,6
DA:13,3
DA:14,1
DA:15,2
DA:16,1
DA:18,1
DA:19,1
DA:23,6
DA:24,1
DA:27,6
DA:89,1
LF:16
LH:16
BRDA:13,0,0,1
BRDA:13,0,1,2
BRDA:13,1,0,3
BRDA:13,1,1,2
BRDA:13,1,2,2
BRDA:13,1,3,2
BRDA:13,1,4,2
BRDA:15,2,0,1
BRDA:15,2,1,1
BRF:9
BRH:9
end_of_record
TN:
SF:views/map/map_view.tsx
FN:23,LocationMapView
FN:36,(anonymous_1)
FN:37,(anonymous_2)
FN:38,(anonymous_3)
FN:52,(anonymous_4)
FN:53,(anonymous_5)
FN:70,(anonymous_6)
FN:81,(anonymous_7)
FN:92,(anonymous_8)
FN:93,(anonymous_9)
FN:112,(anonymous_10)
FN:121,(anonymous_11)
FN:125,(anonymous_12)
FN:128,(anonymous_13)
FN:137,(anonymous_14)
FN:150,(anonymous_15)
FN:155,(anonymous_16)
FN:159,(anonymous_17)
FN:173,(anonymous_18)
FN:175,(anonymous_19)
FN:186,(anonymous_20)
FN:199,(anonymous_21)
FN:203,(anonymous_22)
FN:209,(anonymous_23)
FN:224,(anonymous_24)
FN:231,(anonymous_25)
FN:272,(anonymous_26)
FN:278,(anonymous_27)
FN:310,(anonymous_28)
FN:311,(anonymous_29)
FN:318,(anonymous_30)
FN:326,(anonymous_31)
FN:331,(anonymous_32)
FNF:33
FNH:12
FNDA:8,LocationMapView
FNDA:8,(anonymous_1)
FNDA:8,(anonymous_2)
FNDA:8,(anonymous_3)
FNDA:4,(anonymous_4)
FNDA:4,(anonymous_5)
FNDA:4,(anonymous_6)
FNDA:4,(anonymous_7)
FNDA:4,(anonymous_8)
FNDA:4,(anonymous_9)
FNDA:0,(anonymous_10)
FNDA:0,(anonymous_11)
FNDA:0,(anonymous_12)
FNDA:0,(anonymous_13)
FNDA:0,(anonymous_14)
FNDA:0,(anonymous_15)
FNDA:0,(anonymous_16)
FNDA:1,(anonymous_17)
FNDA:0,(anonymous_18)
FNDA:0,(anonymous_19)
FNDA:0,(anonymous_20)
FNDA:0,(anonymous_21)
FNDA:0,(anonymous_22)
FNDA:0,(anonymous_23)
FNDA:6,(anonymous_24)
FNDA:0,(anonymous_25)
FNDA:0,(anonymous_26)
FNDA:0,(anonymous_27)
FNDA:0,(anonymous_28)
FNDA:0,(anonymous_29)
FNDA:0,(anonymous_30)
FNDA:0,(anonymous_31)
FNDA:0,(anonymous_32)
DA:21,1
DA:25,8
DA:26,8
DA:27,8
DA:28,8
DA:29,8
DA:30,8
DA:31,8
DA:32,8
DA:33,8
DA:34,8
DA:35,8
DA:36,8
DA:37,8
DA:38,8
DA:40,8
DA:47,8
DA:52,8
DA:53,4
DA:54,4
DA:55,4
DA:56,4
DA:57,0
DA:58,0
DA:60,0
DA:61,0
DA:63,4
DA:67,4
DA:70,8
DA:71,4
DA:72,0
DA:81,8
DA:82,4
DA:83,0
DA:92,8
DA:93,4
DA:94,4
DA:95,4
DA:96,2
DA:97,2
DA:99,2
DA:101,2
DA:102,2
DA:103,2
DA:112,8
DA:113,0
DA:121,8
DA:122,0
DA:125,8
DA:126,0
DA:127,0
DA:128,0
DA:129,0
DA:131,0
DA:133,0
DA:137,8
DA:138,0
DA:139,0
DA:146,0
DA:147,0
DA:150,8
DA:151,0
DA:152,0
DA:155,8
DA:156,0
DA:159,8
DA:160,1
DA:161,1
DA:162,1
DA:169,0
DA:173,8
DA:174,0
DA:175,0
DA:176,0
DA:182,0
DA:186,8
DA:187,0
DA:188,0
DA:189,0
DA:191,0
DA:194,0
DA:195,0
DA:196,0
DA:199,8
DA:200,0
DA:203,8
DA:204,0
DA:205,0
DA:206,0
DA:208,0
DA:209,0
DA:210,0
DA:217,0
DA:219,0
DA:224,8
DA:225,6
DA:226,0
DA:227,0
DA:231,8
DA:232,0
DA:237,8
DA:273,0
DA:278,0
DA:311,0
DA:318,0
DA:326,0
DA:331,0
LF:107
LH:56
BRDA:57,0,0,0
BRDA:57,0,1,0
BRDA:71,1,0,0
BRDA:71,1,1,4
BRDA:82,2,0,0
BRDA:82,2,1,4
BRDA:95,3,0,2
BRDA:95,3,1,2
BRDA:127,4,0,0
BRDA:127,4,1,0
BRDA:138,5,0,0
BRDA:138,5,1,0
BRDA:160,6,0,1
BRDA:160,6,1,0
BRDA:174,7,0,0
BRDA:174,7,1,0
BRDA:204,8,0,0
BRDA:204,8,1,0
BRDA:205,9,0,0
BRDA:205,9,1,0
BRDA:208,10,0,0
BRDA:208,10,1,0
BRDA:211,11,0,0
BRDA:211,11,1,0
BRDA:211,11,2,0
BRDA:211,11,3,0
BRDA:225,12,0,0
BRDA:225,12,1,6
BRDA:251,13,0,8
BRDA:251,13,1,0
BRDA:306,14,0,8
BRDA:306,14,1,0
BRF:32
BRH:8
end_of_record
TN:
SF:views/map/map_view_style.tsx
FNF:0
FNH:0
DA:3,1
LF:1
LH:1
BRF:0
BRH:0
end_of_record
TN:
SF:views/messaging/contact_detail.tsx
FN:5,ContactDetail
FN:11,(anonymous_1)
FNF:2
FNH:2
FNDA:4,ContactDetail
FNDA:1,(anonymous_1)
DA:6,4
DA:8,4
DA:11,1
DA:40,1
LF:4
LH:4
BRDA:29,0,0,4
BRDA:29,0,1,1
BRDA:34,1,0,4
BRDA:34,1,1,1
BRF:4
BRH:4
end_of_record
TN:
SF:views/messaging/messaging_detail.tsx
FN:21,MessagesDetail
FN:35,(anonymous_1)
FN:52,(anonymous_2)
FN:66,(anonymous_3)
FN:83,(anonymous_4)
FN:88,(anonymous_5)
FN:105,(anonymous_6)
FN:106,(anonymous_7)
FNF:8
FNH:4
FNDA:6,MessagesDetail
FNDA:1,(anonymous_1)
FNDA:4,(anonymous_2)
FNDA:0,(anonymous_3)
FNDA:0,(anonymous_4)
FNDA:1,(anonymous_5)
FNDA:0,(anonymous_6)
FNDA:0,(anonymous_7)
DA:22,6
DA:27,6
DA:28,6
DA:29,6
DA:30,6
DA:33,6
DA:35,6
DA:36,1
DA:37,1
DA:47,1
DA:48,1
DA:52,6
DA:53,4
DA:57,6
DA:58,0
DA:66,6
DA:67,0
DA:69,0
DA:71,0
DA:73,0
DA:75,0
DA:79,6
DA:83,0
DA:89,1
DA:105,0
DA:107,0
DA:148,1
LF:27
LH:18
BRDA:36,0,0,1
BRDA:36,0,1,0
BRDA:36,1,0,1
BRDA:36,1,1,1
BRDA:57,2,0,0
BRDA:57,2,1,6
BRDA:67,3,0,0
BRDA:67,3,1,0
BRDA:67,3,2,0
BRDA:67,3,3,0
BRDA:110,4,0,0
BRDA:110,4,1,0
BRDA:115,5,0,0
BRDA:115,5,1,0
BRF:14
BRH:4
end_of_record
TN:
SF:views/messaging/messaging_view.tsx
FN:16,MessagesView
FN:22,(anonymous_1)
FN:26,(anonymous_2)
FN:28,(anonymous_3)
FN:30,(anonymous_4)
FN:42,(anonymous_5)
FN:57,(anonymous_6)
FN:67,(anonymous_7)
FN:118,(anonymous_8)
FNF:9
FNH:9
FNDA:14,MessagesView
FNDA:6,(anonymous_1)
FNDA:6,(anonymous_2)
FNDA:8,(anonymous_3)
FNDA:8,(anonymous_4)
FNDA:20,(anonymous_5)
FNDA:17,(anonymous_6)
FNDA:1,(anonymous_7)
FNDA:22,(anonymous_8)
DA:17,14
DA:18,14
DA:19,14
DA:20,14
DA:22,14
DA:23,6
DA:26,14
DA:27,6
DA:28,6
DA:29,8
DA:30,8
DA:31,8
DA:32,4
DA:35,8
DA:36,4
DA:39,6
DA:42,14
DA:43,20
DA:49,14
DA:50,2
DA:53,12
DA:54,2
DA:57,10
DA:58,17
DA:59,17
DA:60,17
DA:65,17
DA:68,1
DA:104,10
DA:118,22
DA:130,1
LF:31
LH:31
BRDA:31,0,0,4
BRDA:31,0,1,4
BRDA:31,1,0,8
BRDA:31,1,1,4
BRDA:35,2,0,4
BRDA:35,2,1,4
BRDA:49,3,0,2
BRDA:49,3,1,12
BRDA:53,4,0,2
BRDA:53,4,1,10
BRDA:59,5,0,17
BRDA:59,5,1,8
BRDA:90,6,0,17
BRDA:90,6,1,9
BRDA:93,7,0,17
BRDA:93,7,1,9
BRDA:115,8,0,9
BRDA:115,8,1,1
BRF:18
BRH:18
end_of_record
